<?xml version="1.0" encoding="UTF-8"?>
<coverage generated="1645065149715" clover="3.2.0">
  <project timestamp="1645065149716" name="All files">
    <metrics statements="299" coveredstatements="247" conditionals="193" coveredconditionals="128" methods="78" coveredmethods="64" elements="570" coveredelements="439" complexity="0" loc="299" ncloc="299" packages="1" files="6" classes="6"/>
    <file name="chain.ts" path="D:\Ethan\myCode\form-validator\src\chain.ts">
      <metrics statements="64" coveredstatements="52" conditionals="31" coveredconditionals="11" methods="11" coveredmethods="10"/>
      <line num="1" count="1" type="stmt"/>
      <line num="2" count="1" type="stmt"/>
      <line num="33" count="1" type="stmt"/>
      <line num="84" count="1" type="stmt"/>
      <line num="85" count="145" type="stmt"/>
      <line num="86" count="145" type="stmt"/>
      <line num="87" count="145" type="stmt"/>
      <line num="88" count="145" type="stmt"/>
      <line num="89" count="145" type="stmt"/>
      <line num="91" count="145" type="stmt"/>
      <line num="92" count="145" type="stmt"/>
      <line num="93" count="145" type="stmt"/>
      <line num="95" count="1" type="stmt"/>
      <line num="96" count="6" type="stmt"/>
      <line num="108" count="4" type="stmt"/>
      <line num="109" count="2" type="cond" truecount="1" falsecount="0"/>
      <line num="110" count="2" type="stmt"/>
      <line num="113" count="1" type="stmt"/>
      <line num="114" count="0" type="cond" truecount="0" falsecount="1"/>
      <line num="115" count="0" type="stmt"/>
      <line num="116" count="0" type="stmt"/>
      <line num="119" count="1" type="stmt"/>
      <line num="120" count="8" type="cond" truecount="1" falsecount="0"/>
      <line num="121" count="8" type="stmt"/>
      <line num="122" count="8" type="stmt"/>
      <line num="123" count="8" type="stmt"/>
      <line num="126" count="1" type="stmt"/>
      <line num="127" count="8" type="cond" truecount="2" falsecount="0"/>
      <line num="128" count="6" type="stmt"/>
      <line num="129" count="2" type="cond" truecount="0" falsecount="1"/>
      <line num="130" count="0" type="cond" truecount="0" falsecount="1"/>
      <line num="131" count="0" type="stmt"/>
      <line num="140" count="1" type="stmt"/>
      <line num="141" count="2" type="stmt"/>
      <line num="142" count="2" type="stmt"/>
      <line num="144" count="2" type="cond" truecount="1" falsecount="1"/>
      <line num="145" count="0" type="cond" truecount="0" falsecount="4"/>
      <line num="146" count="0" type="cond" truecount="0" falsecount="3"/>
      <line num="147" count="2" type="cond" truecount="0" falsecount="1"/>
      <line num="148" count="0" type="cond" truecount="0" falsecount="2"/>
      <line num="149" count="0" type="cond" truecount="0" falsecount="2"/>
      <line num="150" count="0" type="stmt"/>
      <line num="152" count="0" type="cond" truecount="0" falsecount="2"/>
      <line num="153" count="0" type="stmt"/>
      <line num="156" count="2" type="stmt"/>
      <line num="166" count="1" type="stmt"/>
      <line num="167" count="2" type="cond" truecount="1" falsecount="0"/>
      <line num="168" count="2" type="cond" truecount="2" falsecount="2"/>
      <line num="169" count="2" type="cond" truecount="1" falsecount="0"/>
      <line num="170" count="2" type="stmt"/>
      <line num="172" count="2" type="stmt"/>
      <line num="174" count="1" type="stmt"/>
      <line num="176" count="1" type="stmt"/>
      <line num="177" count="47" type="stmt"/>
      <line num="178" count="47" type="cond" truecount="2" falsecount="0"/>
      <line num="179" count="33" type="stmt"/>
      <line num="181" count="84" type="stmt"/>
      <line num="182" count="84" type="stmt"/>
      <line num="186" count="14" type="stmt"/>
      <line num="187" count="336" type="stmt"/>
      <line num="188" count="110" type="stmt"/>
      <line num="189" count="110" type="stmt"/>
      <line num="195" count="1" type="stmt"/>
      <line num="197" count="1" type="stmt"/>
    </file>
    <file name="messages.ts" path="D:\Ethan\myCode\form-validator\src\messages.ts">
      <metrics statements="2" coveredstatements="2" conditionals="0" coveredconditionals="0" methods="0" coveredmethods="0"/>
      <line num="1" count="1" type="stmt"/>
      <line num="2" count="1" type="stmt"/>
    </file>
    <file name="methods.ts" path="D:\Ethan\myCode\form-validator\src\methods.ts">
      <metrics statements="41" coveredstatements="36" conditionals="32" coveredconditionals="31" methods="25" coveredmethods="22"/>
      <line num="1" count="1" type="stmt"/>
      <line num="3" count="1" type="stmt"/>
      <line num="4" count="149" type="stmt"/>
      <line num="6" count="1" type="stmt"/>
      <line num="7" count="32" type="cond" truecount="2" falsecount="0"/>
      <line num="10" count="6" type="cond" truecount="6" falsecount="0"/>
      <line num="12" count="2" type="stmt"/>
      <line num="13" count="4" type="cond" truecount="2" falsecount="0"/>
      <line num="14" count="2" type="cond" truecount="3" falsecount="0"/>
      <line num="15" count="2" type="stmt"/>
      <line num="17" count="0" type="stmt"/>
      <line num="24" count="6" type="stmt"/>
      <line num="28" count="24" type="cond" truecount="3" falsecount="0"/>
      <line num="29" count="8" type="stmt"/>
      <line num="32" count="16" type="cond" truecount="6" falsecount="1"/>
      <line num="33" count="16" type="stmt"/>
      <line num="35" count="0" type="stmt"/>
      <line num="38" count="1" type="stmt"/>
      <line num="41" count="9" type="stmt"/>
      <line num="42" count="214" type="stmt"/>
      <line num="43" count="180" type="stmt"/>
      <line num="44" count="20" type="stmt"/>
      <line num="45" count="10" type="stmt"/>
      <line num="46" count="132" type="cond" truecount="2" falsecount="0"/>
      <line num="51" count="12" type="stmt"/>
      <line num="52" count="20" type="stmt"/>
      <line num="53" count="0" type="stmt"/>
      <line num="54" count="15" type="stmt"/>
      <line num="55" count="0" type="stmt"/>
      <line num="57" count="9" type="stmt"/>
      <line num="59" count="18" type="stmt"/>
      <line num="61" count="5" type="stmt"/>
      <line num="62" count="3" type="stmt"/>
      <line num="64" count="4" type="stmt"/>
      <line num="67" count="0" type="stmt"/>
      <line num="69" count="6" type="cond" truecount="2" falsecount="0"/>
      <line num="72" count="1" type="stmt"/>
      <line num="73" count="26" type="stmt"/>
      <line num="74" count="72" type="cond" truecount="1" falsecount="0"/>
      <line num="75" count="72" type="stmt"/>
      <line num="79" count="1" type="stmt"/>
    </file>
    <file name="rules.ts" path="D:\Ethan\myCode\form-validator\src\rules.ts">
      <metrics statements="8" coveredstatements="8" conditionals="2" coveredconditionals="2" methods="2" coveredmethods="2"/>
      <line num="5" count="1" type="stmt"/>
      <line num="6" count="4" type="stmt"/>
      <line num="8" count="3" type="cond" truecount="1" falsecount="0"/>
      <line num="9" count="2" type="stmt"/>
      <line num="11" count="2" type="cond" truecount="1" falsecount="0"/>
      <line num="12" count="2" type="stmt"/>
      <line num="13" count="2" type="stmt"/>
      <line num="19" count="1" type="stmt"/>
    </file>
    <file name="utils.ts" path="D:\Ethan\myCode\form-validator\src\utils.ts">
      <metrics statements="158" coveredstatements="125" conditionals="121" coveredconditionals="82" methods="28" coveredmethods="18"/>
      <line num="1" count="1" type="stmt"/>
      <line num="2" count="1" type="stmt"/>
      <line num="3" count="1" type="stmt"/>
      <line num="7" count="1" type="stmt"/>
      <line num="25" count="1" type="stmt"/>
      <line num="28" count="87" type="cond" truecount="4" falsecount="0"/>
      <line num="29" count="85" type="cond" truecount="1" falsecount="1"/>
      <line num="30" count="0" type="stmt"/>
      <line num="31" count="87" type="stmt"/>
      <line num="42" count="1" type="stmt"/>
      <line num="43" count="87" type="cond" truecount="2" falsecount="0"/>
      <line num="45" count="87" type="cond" truecount="2" falsecount="0"/>
      <line num="47" count="87" type="stmt"/>
      <line num="48" count="87" type="cond" truecount="2" falsecount="1"/>
      <line num="49" count="0" type="cond" truecount="0" falsecount="2"/>
      <line num="50" count="0" type="cond" truecount="0" falsecount="2"/>
      <line num="51" count="0" type="stmt"/>
      <line num="52" count="0" type="cond" truecount="0" falsecount="2"/>
      <line num="55" count="0" type="cond" truecount="0" falsecount="2"/>
      <line num="58" count="87" type="cond" truecount="4" falsecount="0"/>
      <line num="59" count="101" type="stmt"/>
      <line num="61" count="87" type="stmt"/>
      <line num="68" count="1" type="stmt"/>
      <line num="69" count="131" type="cond" truecount="1" falsecount="1"/>
      <line num="76" count="1" type="stmt"/>
      <line num="77" count="2" type="cond" truecount="1" falsecount="0"/>
      <line num="78" count="8" type="stmt"/>
      <line num="79" count="2" type="cond" truecount="2" falsecount="0"/>
      <line num="82" count="1" type="stmt"/>
      <line num="86" count="1" type="stmt"/>
      <line num="91" count="2" type="stmt"/>
      <line num="99" count="1" type="stmt"/>
      <line num="100" count="177" type="cond" truecount="4" falsecount="0"/>
      <line num="109" count="1" type="stmt"/>
      <line num="110" count="87" type="stmt"/>
      <line num="111" count="87" type="stmt"/>
      <line num="112" count="87" type="stmt"/>
      <line num="121" count="1" type="stmt"/>
      <line num="122" count="145" type="cond" truecount="0" falsecount="1"/>
      <line num="123" count="145" type="stmt"/>
      <line num="124" count="145" type="stmt"/>
      <line num="125" count="145" type="stmt"/>
      <line num="126" count="145" type="stmt"/>
      <line num="127" count="145" type="stmt"/>
      <line num="129" count="145" type="cond" truecount="2" falsecount="0"/>
      <line num="130" count="82" type="cond" truecount="7" falsecount="1"/>
      <line num="132" count="82" type="cond" truecount="2" falsecount="1"/>
      <line num="133" count="82" type="cond" truecount="4" falsecount="0"/>
      <line num="134" count="6" type="stmt"/>
      <line num="136" count="82" type="cond" truecount="1" falsecount="0"/>
      <line num="137" count="2" type="stmt"/>
      <line num="140" count="80" type="stmt"/>
      <line num="142" count="63" type="cond" truecount="3" falsecount="0"/>
      <line num="143" count="2" type="stmt"/>
      <line num="144" count="2" type="cond" truecount="1" falsecount="2"/>
      <line num="146" count="2" type="stmt"/>
      <line num="148" count="63" type="stmt"/>
      <line num="158" count="1" type="stmt"/>
      <line num="159" count="30" type="stmt"/>
      <line num="160" count="30" type="cond" truecount="1" falsecount="2"/>
      <line num="161" count="0" type="stmt"/>
      <line num="163" count="30" type="cond" truecount="1" falsecount="0"/>
      <line num="164" count="20" type="stmt"/>
      <line num="165" count="20" type="stmt"/>
      <line num="167" count="10" type="cond" truecount="1" falsecount="1"/>
      <line num="168" count="0" type="stmt"/>
      <line num="169" count="0" type="stmt"/>
      <line num="170" count="0" type="stmt"/>
      <line num="171" count="0" type="cond" truecount="0" falsecount="2"/>
      <line num="174" count="10" type="stmt"/>
      <line num="175" count="25" type="stmt"/>
      <line num="176" count="25" type="stmt"/>
      <line num="177" count="25" type="cond" truecount="2" falsecount="0"/>
      <line num="180" count="10" type="stmt"/>
      <line num="189" count="1" type="stmt"/>
      <line num="190" count="22" type="cond" truecount="2" falsecount="1"/>
      <line num="191" count="22" type="stmt"/>
      <line num="192" count="36" type="stmt"/>
      <line num="194" count="0" type="stmt"/>
      <line num="206" count="1" type="stmt"/>
      <line num="208" count="130" type="cond" truecount="2" falsecount="1"/>
      <line num="209" count="130" type="stmt"/>
      <line num="210" count="130" type="cond" truecount="2" falsecount="0"/>
      <line num="212" count="125" type="stmt"/>
      <line num="213" count="125" type="cond" truecount="1" falsecount="1"/>
      <line num="214" count="0" type="stmt"/>
      <line num="216" count="125" type="stmt"/>
      <line num="218" count="5" type="cond" truecount="3" falsecount="1"/>
      <line num="219" count="5" type="stmt"/>
      <line num="221" count="5" type="stmt"/>
      <line num="223" count="5" type="stmt"/>
      <line num="224" count="20" type="stmt"/>
      <line num="225" count="20" type="stmt"/>
      <line num="226" count="20" type="stmt"/>
      <line num="227" count="20" type="cond" truecount="2" falsecount="0"/>
      <line num="229" count="20" type="stmt"/>
      <line num="231" count="20" type="cond" truecount="1" falsecount="1"/>
      <line num="232" count="0" type="stmt"/>
      <line num="234" count="20" type="stmt"/>
      <line num="237" count="0" type="stmt"/>
      <line num="239" count="130" type="cond" truecount="1" falsecount="1"/>
      <line num="240" count="0" type="stmt"/>
      <line num="241" count="0" type="stmt"/>
      <line num="242" count="0" type="stmt"/>
      <line num="243" count="0" type="stmt"/>
      <line num="245" count="0" type="stmt"/>
      <line num="247" count="0" type="stmt"/>
      <line num="251" count="130" type="cond" truecount="2" falsecount="0"/>
      <line num="254" count="2" type="stmt"/>
      <line num="255" count="128" type="stmt"/>
      <line num="265" count="145" type="cond" truecount="1" falsecount="0"/>
      <line num="266" count="145" type="cond" truecount="3" falsecount="1"/>
      <line num="267" count="145" type="stmt"/>
      <line num="268" count="145" type="stmt"/>
      <line num="269" count="145" type="stmt"/>
      <line num="270" count="145" type="stmt"/>
      <line num="271" count="145" type="stmt"/>
      <line num="272" count="145" type="stmt"/>
      <line num="278" count="145" type="stmt"/>
      <line num="279" count="194" type="stmt"/>
      <line num="281" count="194" type="cond" truecount="2" falsecount="0"/>
      <line num="282" count="84" type="cond" truecount="2" falsecount="0"/>
      <line num="283" count="34" type="stmt"/>
      <line num="284" count="34" type="stmt"/>
      <line num="285" count="34" type="cond" truecount="0" falsecount="1"/>
      <line num="286" count="50" type="stmt"/>
      <line num="288" count="110" type="cond" truecount="1" falsecount="0"/>
      <line num="289" count="110" type="cond" truecount="2" falsecount="0"/>
      <line num="290" count="53" type="stmt"/>
      <line num="291" count="53" type="stmt"/>
      <line num="292" count="53" type="cond" truecount="0" falsecount="1"/>
      <line num="293" count="57" type="stmt"/>
      <line num="296" count="145" type="stmt"/>
      <line num="297" count="2" type="stmt"/>
      <line num="298" count="2" type="stmt"/>
      <line num="299" count="2" type="stmt"/>
      <line num="300" count="2" type="cond" truecount="1" falsecount="1"/>
      <line num="302" count="2" type="cond" truecount="1" falsecount="1"/>
      <line num="303" count="2" type="cond" truecount="2" falsecount="0"/>
      <line num="304" count="2" type="cond" truecount="2" falsecount="0"/>
      <line num="305" count="1" type="stmt"/>
      <line num="306" count="1" type="stmt"/>
      <line num="307" count="1" type="cond" truecount="0" falsecount="1"/>
      <line num="308" count="1" type="stmt"/>
      <line num="309" count="0" type="cond" truecount="0" falsecount="1"/>
      <line num="310" count="0" type="stmt"/>
      <line num="314" count="145" type="cond" truecount="1" falsecount="1"/>
      <line num="315" count="0" type="stmt"/>
      <line num="316" count="0" type="stmt"/>
      <line num="317" count="0" type="stmt"/>
      <line num="318" count="0" type="cond" truecount="0" falsecount="2"/>
      <line num="319" count="0" type="cond" truecount="0" falsecount="2"/>
      <line num="320" count="0" type="stmt"/>
      <line num="321" count="0" type="stmt"/>
      <line num="322" count="0" type="stmt"/>
      <line num="324" count="0" type="stmt"/>
      <line num="326" count="0" type="stmt"/>
      <line num="330" count="145" type="stmt"/>
    </file>
    <file name="validator.ts" path="D:\Ethan\myCode\form-validator\src\validator.ts">
      <metrics statements="26" coveredstatements="24" conditionals="7" coveredconditionals="2" methods="12" coveredmethods="12"/>
      <line num="1" count="1" type="stmt"/>
      <line num="2" count="1" type="stmt"/>
      <line num="3" count="1" type="stmt"/>
      <line num="33" count="1" type="stmt"/>
      <line num="35" count="21" type="stmt"/>
      <line num="38" count="10" type="stmt"/>
      <line num="41" count="10" type="stmt"/>
      <line num="44" count="10" type="stmt"/>
      <line num="47" count="5" type="stmt"/>
      <line num="50" count="81" type="stmt"/>
      <line num="54" count="120" type="stmt"/>
      <line num="56" count="2" type="stmt"/>
      <line num="59" count="2" type="cond" truecount="1" falsecount="1"/>
      <line num="62" count="2" type="cond" truecount="1" falsecount="0"/>
      <line num="63" count="2" type="stmt"/>
      <line num="65" count="2" type="stmt"/>
      <line num="68" count="2" type="cond" truecount="0" falsecount="1"/>
      <line num="69" count="0" type="stmt"/>
      <line num="71" count="2" type="stmt"/>
      <line num="74" count="8" type="stmt"/>
      <line num="75" count="8" type="cond" truecount="0" falsecount="1"/>
      <line num="76" count="0" type="cond" truecount="0" falsecount="2"/>
      <line num="78" count="8" type="stmt"/>
      <line num="79" count="8" type="stmt"/>
      <line num="80" count="8" type="stmt"/>
      <line num="84" count="1" type="stmt"/>
    </file>
  </project>
</coverage>
