{"D:\\Ethan\\myCode\\form-validator\\src\\chain.ts": {"path":"D:\\Ethan\\myCode\\form-validator\\src\\chain.ts","statementMap":{"0":{"start":{"line":1,"column":0},"end":{"line":1,"column":46}},"1":{"start":{"line":2,"column":0},"end":{"line":2,"column":31}},"2":{"start":{"line":33,"column":14},"end":{"line":33,"column":33}},"3":{"start":{"line":84,"column":0},"end":{"line":84,"column":null}},"4":{"start":{"line":85,"column":2},"end":{"line":85,"column":null}},"5":{"start":{"line":86,"column":2},"end":{"line":86,"column":null}},"6":{"start":{"line":87,"column":2},"end":{"line":87,"column":null}},"7":{"start":{"line":88,"column":2},"end":{"line":88,"column":null}},"8":{"start":{"line":89,"column":2},"end":{"line":89,"column":null}},"9":{"start":{"line":91,"column":2},"end":{"line":91,"column":null}},"10":{"start":{"line":92,"column":2},"end":{"line":92,"column":null}},"11":{"start":{"line":93,"column":2},"end":{"line":93,"column":18}},"12":{"start":{"line":95,"column":2},"end":{"line":97,"column":null}},"13":{"start":{"line":96,"column":4},"end":{"line":96,"column":null}},"14":{"start":{"line":108,"column":2},"end":{"line":111,"column":null}},"15":{"start":{"line":108,"column":25},"end":{"line":108,"column":39}},"16":{"start":{"line":109,"column":4},"end":{"line":109,"column":null}},"17":{"start":{"line":109,"column":29},"end":{"line":109,"column":null}},"18":{"start":{"line":110,"column":4},"end":{"line":110,"column":null}},"19":{"start":{"line":113,"column":2},"end":{"line":117,"column":null}},"20":{"start":{"line":114,"column":4},"end":{"line":114,"column":null}},"21":{"start":{"line":114,"column":29},"end":{"line":114,"column":null}},"22":{"start":{"line":115,"column":4},"end":{"line":115,"column":null}},"23":{"start":{"line":116,"column":4},"end":{"line":116,"column":null}},"24":{"start":{"line":119,"column":2},"end":{"line":124,"column":null}},"25":{"start":{"line":120,"column":4},"end":{"line":120,"column":null}},"26":{"start":{"line":120,"column":25},"end":{"line":120,"column":null}},"27":{"start":{"line":121,"column":4},"end":{"line":121,"column":null}},"28":{"start":{"line":122,"column":4},"end":{"line":122,"column":null}},"29":{"start":{"line":123,"column":4},"end":{"line":123,"column":null}},"30":{"start":{"line":126,"column":2},"end":{"line":133,"column":null}},"31":{"start":{"line":127,"column":4},"end":{"line":132,"column":null}},"32":{"start":{"line":128,"column":6},"end":{"line":128,"column":null}},"33":{"start":{"line":129,"column":11},"end":{"line":132,"column":null}},"34":{"start":{"line":130,"column":6},"end":{"line":130,"column":null}},"35":{"start":{"line":130,"column":27},"end":{"line":130,"column":null}},"36":{"start":{"line":131,"column":6},"end":{"line":131,"column":null}},"37":{"start":{"line":140,"column":2},"end":{"line":157,"column":null}},"38":{"start":{"line":141,"column":15},"end":{"line":141,"column":29}},"39":{"start":{"line":142,"column":11},"end":{"line":142,"column":25}},"40":{"start":{"line":144,"column":4},"end":{"line":146,"column":null}},"41":{"start":{"line":144,"column":13},"end":{"line":144,"column":null}},"42":{"start":{"line":145,"column":9},"end":{"line":146,"column":null}},"43":{"start":{"line":145,"column":24},"end":{"line":145,"column":null}},"44":{"start":{"line":146,"column":9},"end":{"line":146,"column":null}},"45":{"start":{"line":146,"column":22},"end":{"line":146,"column":null}},"46":{"start":{"line":147,"column":4},"end":{"line":155,"column":null}},"47":{"start":{"line":148,"column":6},"end":{"line":154,"column":null}},"48":{"start":{"line":149,"column":8},"end":{"line":150,"column":null}},"49":{"start":{"line":149,"column":17},"end":{"line":149,"column":null}},"50":{"start":{"line":150,"column":13},"end":{"line":150,"column":null}},"51":{"start":{"line":152,"column":8},"end":{"line":153,"column":null}},"52":{"start":{"line":152,"column":17},"end":{"line":152,"column":null}},"53":{"start":{"line":153,"column":13},"end":{"line":153,"column":null}},"54":{"start":{"line":156,"column":4},"end":{"line":156,"column":null}},"55":{"start":{"line":166,"column":2},"end":{"line":173,"column":null}},"56":{"start":{"line":167,"column":4},"end":{"line":167,"column":null}},"57":{"start":{"line":167,"column":22},"end":{"line":167,"column":null}},"58":{"start":{"line":168,"column":4},"end":{"line":171,"column":null}},"59":{"start":{"line":168,"column":33},"end":{"line":168,"column":null}},"60":{"start":{"line":169,"column":9},"end":{"line":171,"column":null}},"61":{"start":{"line":170,"column":6},"end":{"line":170,"column":null}},"62":{"start":{"line":172,"column":4},"end":{"line":172,"column":null}},"63":{"start":{"line":174,"column":0},"end":{"line":174,"column":null}},"64":{"start":{"line":176,"column":0},"end":{"line":193,"column":null}},"65":{"start":{"line":177,"column":14},"end":{"line":177,"column":54}},"66":{"start":{"line":178,"column":2},"end":{"line":192,"column":null}},"67":{"start":{"line":179,"column":4},"end":{"line":184,"column":null}},"68":{"start":{"line":181,"column":8},"end":{"line":181,"column":null}},"69":{"start":{"line":182,"column":8},"end":{"line":182,"column":null}},"70":{"start":{"line":186,"column":4},"end":{"line":191,"column":null}},"71":{"start":{"line":187,"column":12},"end":{"line":187,"column":26}},"72":{"start":{"line":188,"column":8},"end":{"line":188,"column":null}},"73":{"start":{"line":189,"column":8},"end":{"line":189,"column":null}},"74":{"start":{"line":195,"column":0},"end":{"line":195,"column":null}},"75":{"start":{"line":197,"column":0},"end":{"line":197,"column":null}}},"fnMap":{"0":{"name":"(anonymous_1)","decl":{"start":{"line":84,"column":0},"end":{"line":84,"column":null}},"loc":{"start":{"line":84,"column":0},"end":{"line":174,"column":null}}},"1":{"name":"(anonymous_3)","decl":{"start":{"line":95,"column":2},"end":{"line":95,"column":6}},"loc":{"start":{"line":95,"column":2},"end":{"line":97,"column":3}}},"2":{"name":"(anonymous_4)","decl":{"start":{"line":108,"column":2},"end":{"line":108,"column":8}},"loc":{"start":{"line":108,"column":23},"end":{"line":111,"column":3}}},"3":{"name":"(anonymous_5)","decl":{"start":{"line":113,"column":2},"end":{"line":113,"column":7}},"loc":{"start":{"line":113,"column":27},"end":{"line":117,"column":3}}},"4":{"name":"(anonymous_6)","decl":{"start":{"line":119,"column":2},"end":{"line":119,"column":6}},"loc":{"start":{"line":119,"column":19},"end":{"line":124,"column":3}}},"5":{"name":"(anonymous_7)","decl":{"start":{"line":126,"column":2},"end":{"line":126,"column":7}},"loc":{"start":{"line":126,"column":20},"end":{"line":133,"column":3}}},"6":{"name":"(anonymous_8)","decl":{"start":{"line":140,"column":2},"end":{"line":140,"column":7}},"loc":{"start":{"line":140,"column":45},"end":{"line":157,"column":3}}},"7":{"name":"(anonymous_9)","decl":{"start":{"line":166,"column":2},"end":{"line":166,"column":5}},"loc":{"start":{"line":166,"column":56},"end":{"line":173,"column":3}}},"8":{"name":"(anonymous_10)","decl":{"start":{"line":176,"column":29},"end":{"line":176,"column":32}},"loc":{"start":{"line":176,"column":32},"end":{"line":193,"column":1}}},"9":{"name":"(anonymous_11)","decl":{"start":{"line":180,"column":9},"end":{"line":180,"column":null}},"loc":{"start":{"line":180,"column":9},"end":{"line":183,"column":7}}},"10":{"name":"(anonymous_12)","decl":{"start":{"line":187,"column":6},"end":{"line":187,"column":11}},"loc":{"start":{"line":187,"column":6},"end":{"line":190,"column":7}}}},"branchMap":{"0":{"loc":{"start":{"line":109,"column":4},"end":{"line":109,"column":null}},"type":"if","locations":[{"start":{"line":109,"column":4},"end":{"line":109,"column":null}}]},"1":{"loc":{"start":{"line":114,"column":4},"end":{"line":114,"column":null}},"type":"if","locations":[{"start":{"line":114,"column":4},"end":{"line":114,"column":null}}]},"2":{"loc":{"start":{"line":120,"column":4},"end":{"line":120,"column":null}},"type":"if","locations":[{"start":{"line":120,"column":4},"end":{"line":120,"column":null}}]},"3":{"loc":{"start":{"line":127,"column":4},"end":{"line":132,"column":null}},"type":"if","locations":[{"start":{"line":127,"column":4},"end":{"line":132,"column":null}},{"start":{"line":129,"column":11},"end":{"line":132,"column":null}}]},"4":{"loc":{"start":{"line":129,"column":11},"end":{"line":132,"column":null}},"type":"if","locations":[{"start":{"line":129,"column":11},"end":{"line":132,"column":null}}]},"5":{"loc":{"start":{"line":130,"column":6},"end":{"line":130,"column":null}},"type":"if","locations":[{"start":{"line":130,"column":6},"end":{"line":130,"column":null}}]},"6":{"loc":{"start":{"line":144,"column":4},"end":{"line":146,"column":null}},"type":"if","locations":[{"start":{"line":144,"column":4},"end":{"line":146,"column":null}},{"start":{"line":145,"column":9},"end":{"line":146,"column":null}}]},"7":{"loc":{"start":{"line":145,"column":9},"end":{"line":146,"column":null}},"type":"if","locations":[{"start":{"line":145,"column":9},"end":{"line":146,"column":null}},{"start":{"line":146,"column":9},"end":{"line":146,"column":null}}]},"8":{"loc":{"start":{"line":145,"column":13},"end":{"line":145,"column":22}},"type":"binary-expr","locations":[{"start":{"line":145,"column":13},"end":{"line":145,"column":15}},{"start":{"line":145,"column":19},"end":{"line":145,"column":22}}]},"9":{"loc":{"start":{"line":146,"column":9},"end":{"line":146,"column":null}},"type":"if","locations":[{"start":{"line":146,"column":9},"end":{"line":146,"column":null}}]},"10":{"loc":{"start":{"line":146,"column":12},"end":{"line":146,"column":20}},"type":"binary-expr","locations":[{"start":{"line":146,"column":12},"end":{"line":146,"column":14}},{"start":{"line":146,"column":18},"end":{"line":146,"column":20}}]},"11":{"loc":{"start":{"line":147,"column":4},"end":{"line":155,"column":null}},"type":"if","locations":[{"start":{"line":147,"column":4},"end":{"line":155,"column":null}}]},"12":{"loc":{"start":{"line":148,"column":6},"end":{"line":154,"column":null}},"type":"if","locations":[{"start":{"line":148,"column":6},"end":{"line":154,"column":null}},{"start":{"line":151,"column":13},"end":{"line":154,"column":null}}]},"13":{"loc":{"start":{"line":149,"column":8},"end":{"line":150,"column":null}},"type":"if","locations":[{"start":{"line":149,"column":8},"end":{"line":150,"column":null}},{"start":{"line":150,"column":13},"end":{"line":150,"column":null}}]},"14":{"loc":{"start":{"line":152,"column":8},"end":{"line":153,"column":null}},"type":"if","locations":[{"start":{"line":152,"column":8},"end":{"line":153,"column":null}},{"start":{"line":153,"column":13},"end":{"line":153,"column":null}}]},"15":{"loc":{"start":{"line":167,"column":4},"end":{"line":167,"column":null}},"type":"if","locations":[{"start":{"line":167,"column":4},"end":{"line":167,"column":null}}]},"16":{"loc":{"start":{"line":168,"column":4},"end":{"line":171,"column":null}},"type":"if","locations":[{"start":{"line":168,"column":4},"end":{"line":171,"column":null}},{"start":{"line":169,"column":9},"end":{"line":171,"column":null}}]},"17":{"loc":{"start":{"line":168,"column":7},"end":{"line":168,"column":31}},"type":"binary-expr","locations":[{"start":{"line":168,"column":7},"end":{"line":168,"column":23}},{"start":{"line":168,"column":27},"end":{"line":168,"column":31}}]},"18":{"loc":{"start":{"line":169,"column":9},"end":{"line":171,"column":null}},"type":"if","locations":[{"start":{"line":169,"column":9},"end":{"line":171,"column":null}}]},"19":{"loc":{"start":{"line":178,"column":2},"end":{"line":192,"column":null}},"type":"if","locations":[{"start":{"line":178,"column":2},"end":{"line":192,"column":null}},{"start":{"line":185,"column":9},"end":{"line":192,"column":null}}]}},"s":{"0":1,"1":1,"2":1,"3":1,"4":145,"5":145,"6":145,"7":145,"8":145,"9":145,"10":145,"11":145,"12":1,"13":6,"14":1,"15":4,"16":2,"17":2,"18":2,"19":1,"20":0,"21":0,"22":0,"23":0,"24":1,"25":8,"26":8,"27":8,"28":8,"29":8,"30":1,"31":8,"32":6,"33":2,"34":0,"35":0,"36":0,"37":1,"38":2,"39":2,"40":2,"41":2,"42":0,"43":0,"44":0,"45":0,"46":2,"47":0,"48":0,"49":0,"50":0,"51":0,"52":0,"53":0,"54":2,"55":1,"56":2,"57":2,"58":2,"59":0,"60":2,"61":2,"62":2,"63":1,"64":1,"65":47,"66":47,"67":33,"68":84,"69":84,"70":14,"71":336,"72":110,"73":110,"74":1,"75":1},"f":{"0":146,"1":6,"2":2,"3":0,"4":8,"5":8,"6":2,"7":2,"8":47,"9":84,"10":110},"b":{"0":[2],"1":[0],"2":[8],"3":[6,2],"4":[0],"5":[0],"6":[2,0],"7":[0,0],"8":[0,0],"9":[0],"10":[0,0],"11":[0],"12":[0,0],"13":[0,0],"14":[0,0],"15":[2],"16":[0,2],"17":[2,0],"18":[2],"19":[33,14]}}
,"D:\\Ethan\\myCode\\form-validator\\src\\messages.ts": {"path":"D:\\Ethan\\myCode\\form-validator\\src\\messages.ts","statementMap":{"0":{"start":{"line":1,"column":13},"end":{"line":1,"column":54}},"1":{"start":{"line":2,"column":0},"end":{"line":51,"column":2}}},"fnMap":{},"branchMap":{},"s":{"0":1,"1":1},"f":{},"b":{}}
,"D:\\Ethan\\myCode\\form-validator\\src\\methods.ts": {"path":"D:\\Ethan\\myCode\\form-validator\\src\\methods.ts","statementMap":{"0":{"start":{"line":1,"column":0},"end":{"line":1,"column":34}},"1":{"start":{"line":3,"column":17},"end":{"line":5,"column":1}},"2":{"start":{"line":4,"column":2},"end":{"line":4,"column":null}},"3":{"start":{"line":6,"column":16},"end":{"line":7,"column":9}},"4":{"start":{"line":7,"column":2},"end":{"line":7,"column":null}},"5":{"start":{"line":10,"column":2},"end":{"line":16,"column":null}},"6":{"start":{"line":12,"column":4},"end":{"line":12,"column":null}},"7":{"start":{"line":13,"column":9},"end":{"line":16,"column":null}},"8":{"start":{"line":13,"column":37},"end":{"line":13,"column":69}},"9":{"start":{"line":14,"column":7},"end":{"line":16,"column":null}},"10":{"start":{"line":15,"column":4},"end":{"line":15,"column":null}},"11":{"start":{"line":17,"column":2},"end":{"line":17,"column":null}},"12":{"start":{"line":24,"column":2},"end":{"line":24,"column":null}},"13":{"start":{"line":28,"column":2},"end":{"line":30,"column":null}},"14":{"start":{"line":29,"column":4},"end":{"line":29,"column":null}},"15":{"start":{"line":32,"column":2},"end":{"line":34,"column":null}},"16":{"start":{"line":33,"column":4},"end":{"line":33,"column":null}},"17":{"start":{"line":35,"column":2},"end":{"line":35,"column":null}},"18":{"start":{"line":38,"column":16},"end":{"line":70,"column":null}},"19":{"start":{"line":41,"column":45},"end":{"line":41,"column":null}},"20":{"start":{"line":42,"column":40},"end":{"line":42,"column":null}},"21":{"start":{"line":43,"column":40},"end":{"line":43,"column":null}},"22":{"start":{"line":44,"column":39},"end":{"line":44,"column":null}},"23":{"start":{"line":45,"column":44},"end":{"line":45,"column":null}},"24":{"start":{"line":46,"column":25},"end":{"line":47,"column":null}},"25":{"start":{"line":51,"column":33},"end":{"line":51,"column":null}},"26":{"start":{"line":52,"column":62},"end":{"line":52,"column":null}},"27":{"start":{"line":53,"column":63},"end":{"line":53,"column":null}},"28":{"start":{"line":54,"column":62},"end":{"line":54,"column":null}},"29":{"start":{"line":55,"column":63},"end":{"line":55,"column":null}},"30":{"start":{"line":57,"column":4},"end":{"line":57,"column":null}},"31":{"start":{"line":59,"column":4},"end":{"line":59,"column":null}},"32":{"start":{"line":61,"column":4},"end":{"line":61,"column":null}},"33":{"start":{"line":62,"column":45},"end":{"line":62,"column":null}},"34":{"start":{"line":64,"column":39},"end":{"line":64,"column":null}},"35":{"start":{"line":67,"column":32},"end":{"line":67,"column":44}},"36":{"start":{"line":67,"column":49},"end":{"line":67,"column":null}},"37":{"start":{"line":69,"column":4},"end":{"line":69,"column":null}},"38":{"start":{"line":72,"column":0},"end":{"line":77,"column":null}},"39":{"start":{"line":73,"column":3},"end":{"line":76,"column":null}},"40":{"start":{"line":74,"column":4},"end":{"line":74,"column":null}},"41":{"start":{"line":74,"column":35},"end":{"line":74,"column":null}},"42":{"start":{"line":75,"column":4},"end":{"line":75,"column":null}},"43":{"start":{"line":79,"column":0},"end":{"line":81,"column":null}}},"fnMap":{"0":{"name":"(anonymous_6)","decl":{"start":{"line":3,"column":17},"end":{"line":3,"column":18}},"loc":{"start":{"line":3,"column":26},"end":{"line":5,"column":1}}},"1":{"name":"(anonymous_7)","decl":{"start":{"line":6,"column":16},"end":{"line":6,"column":17}},"loc":{"start":{"line":6,"column":45},"end":{"line":7,"column":9}}},"2":{"name":"checkInclude","decl":{"start":{"line":9,"column":9},"end":{"line":9,"column":21}},"loc":{"start":{"line":9,"column":42},"end":{"line":18,"column":1}}},"3":{"name":"has","decl":{"start":{"line":23,"column":9},"end":{"line":23,"column":12}},"loc":{"start":{"line":23,"column":78},"end":{"line":25,"column":1}}},"4":{"name":"eq","decl":{"start":{"line":27,"column":9},"end":{"line":27,"column":11}},"loc":{"start":{"line":27,"column":32},"end":{"line":36,"column":1}}},"5":{"name":"(anonymous_11)","decl":{"start":{"line":41,"column":11},"end":{"line":41,"column":12}},"loc":{"start":{"line":41,"column":22},"end":{"line":41,"column":52}}},"6":{"name":"(anonymous_12)","decl":{"start":{"line":42,"column":7},"end":{"line":42,"column":8}},"loc":{"start":{"line":42,"column":18},"end":{"line":42,"column":47}}},"7":{"name":"(anonymous_13)","decl":{"start":{"line":43,"column":7},"end":{"line":43,"column":8}},"loc":{"start":{"line":43,"column":18},"end":{"line":43,"column":47}}},"8":{"name":"(anonymous_14)","decl":{"start":{"line":44,"column":7},"end":{"line":44,"column":8}},"loc":{"start":{"line":44,"column":18},"end":{"line":44,"column":44}}},"9":{"name":"(anonymous_15)","decl":{"start":{"line":45,"column":8},"end":{"line":45,"column":9}},"loc":{"start":{"line":45,"column":19},"end":{"line":45,"column":51}}},"10":{"name":"(anonymous_16)","decl":{"start":{"line":46,"column":9},"end":{"line":46,"column":10}},"loc":{"start":{"line":46,"column":20},"end":{"line":46,"column":30}}},"11":{"name":"(anonymous_17)","decl":{"start":{"line":51,"column":7},"end":{"line":51,"column":8}},"loc":{"start":{"line":51,"column":28},"end":{"line":51,"column":34}}},"12":{"name":"(anonymous_18)","decl":{"start":{"line":52,"column":6},"end":{"line":52,"column":41}},"loc":{"start":{"line":52,"column":57},"end":{"line":52,"column":63}}},"13":{"name":"(anonymous_19)","decl":{"start":{"line":53,"column":7},"end":{"line":53,"column":42}},"loc":{"start":{"line":53,"column":58},"end":{"line":53,"column":64}}},"14":{"name":"(anonymous_20)","decl":{"start":{"line":54,"column":6},"end":{"line":54,"column":41}},"loc":{"start":{"line":54,"column":57},"end":{"line":54,"column":63}}},"15":{"name":"(anonymous_21)","decl":{"start":{"line":55,"column":7},"end":{"line":55,"column":42}},"loc":{"start":{"line":55,"column":58},"end":{"line":55,"column":64}}},"16":{"name":"(anonymous_22)","decl":{"start":{"line":56,"column":7},"end":{"line":56,"column":8}},"loc":{"start":{"line":56,"column":60},"end":{"line":57,"column":11}}},"17":{"name":"(anonymous_23)","decl":{"start":{"line":58,"column":7},"end":{"line":58,"column":8}},"loc":{"start":{"line":58,"column":60},"end":{"line":59,"column":11}}},"18":{"name":"(anonymous_24)","decl":{"start":{"line":60,"column":7},"end":{"line":60,"column":8}},"loc":{"start":{"line":60,"column":60},"end":{"line":61,"column":11}}},"19":{"name":"(anonymous_25)","decl":{"start":{"line":62,"column":7},"end":{"line":62,"column":8}},"loc":{"start":{"line":62,"column":31},"end":{"line":62,"column":48}}},"20":{"name":"(anonymous_26)","decl":{"start":{"line":64,"column":7},"end":{"line":64,"column":8}},"loc":{"start":{"line":64,"column":34},"end":{"line":64,"column":42}}},"21":{"name":"(anonymous_27)","decl":{"start":{"line":67,"column":8},"end":{"line":67,"column":9}},"loc":{"start":{"line":67,"column":30},"end":{"line":67,"column":50}}},"22":{"name":"(anonymous_28)","decl":{"start":{"line":68,"column":11},"end":{"line":68,"column":46}},"loc":{"start":{"line":68,"column":72},"end":{"line":69,"column":5}}},"23":{"name":"(anonymous_29)","decl":{"start":{"line":72,"column":27},"end":{"line":72,"column":30}},"loc":{"start":{"line":72,"column":30},"end":{"line":77,"column":1}}},"24":{"name":"(anonymous_30)","decl":{"start":{"line":73,"column":70},"end":{"line":73,"column":71}},"loc":{"start":{"line":73,"column":93},"end":{"line":76,"column":3}}}},"branchMap":{"0":{"loc":{"start":{"line":7,"column":2},"end":{"line":7,"column":45}},"type":"cond-expr","locations":[{"start":{"line":7,"column":28},"end":{"line":7,"column":39}},{"start":{"line":7,"column":42},"end":{"line":7,"column":45}}]},"1":{"loc":{"start":{"line":10,"column":2},"end":{"line":16,"column":null}},"type":"if","locations":[{"start":{"line":10,"column":2},"end":{"line":16,"column":null}},{"start":{"line":13,"column":9},"end":{"line":16,"column":null}}]},"2":{"loc":{"start":{"line":10,"column":6},"end":{"line":11,"column":60}},"type":"binary-expr","locations":[{"start":{"line":10,"column":7},"end":{"line":10,"column":32}},{"start":{"line":10,"column":36},"end":{"line":10,"column":61}},{"start":{"line":11,"column":9},"end":{"line":11,"column":32}},{"start":{"line":11,"column":36},"end":{"line":11,"column":59}}]},"3":{"loc":{"start":{"line":13,"column":9},"end":{"line":16,"column":null}},"type":"if","locations":[{"start":{"line":13,"column":9},"end":{"line":16,"column":null}},{"start":{"line":14,"column":7},"end":{"line":16,"column":null}}]},"4":{"loc":{"start":{"line":14,"column":7},"end":{"line":16,"column":null}},"type":"if","locations":[{"start":{"line":14,"column":7},"end":{"line":16,"column":null}}]},"5":{"loc":{"start":{"line":14,"column":11},"end":{"line":14,"column":53}},"type":"binary-expr","locations":[{"start":{"line":14,"column":11},"end":{"line":14,"column":26}},{"start":{"line":14,"column":30},"end":{"line":14,"column":53}}]},"6":{"loc":{"start":{"line":28,"column":2},"end":{"line":30,"column":null}},"type":"if","locations":[{"start":{"line":28,"column":2},"end":{"line":30,"column":null}}]},"7":{"loc":{"start":{"line":28,"column":6},"end":{"line":28,"column":58}},"type":"binary-expr","locations":[{"start":{"line":28,"column":6},"end":{"line":28,"column":31}},{"start":{"line":28,"column":35},"end":{"line":28,"column":58}}]},"8":{"loc":{"start":{"line":32,"column":2},"end":{"line":34,"column":null}},"type":"if","locations":[{"start":{"line":32,"column":2},"end":{"line":34,"column":null}}]},"9":{"loc":{"start":{"line":32,"column":6},"end":{"line":32,"column":136}},"type":"binary-expr","locations":[{"start":{"line":32,"column":6},"end":{"line":32,"column":24}},{"start":{"line":32,"column":28},"end":{"line":32,"column":44}},{"start":{"line":32,"column":48},"end":{"line":32,"column":66}},{"start":{"line":32,"column":70},"end":{"line":32,"column":86}},{"start":{"line":32,"column":90},"end":{"line":32,"column":112}},{"start":{"line":32,"column":116},"end":{"line":32,"column":136}}]},"10":{"loc":{"start":{"line":46,"column":25},"end":{"line":47,"column":113}},"type":"cond-expr","locations":[{"start":{"line":47,"column":5},"end":{"line":47,"column":106}},{"start":{"line":47,"column":109},"end":{"line":47,"column":113}}]},"11":{"loc":{"start":{"line":47,"column":5},"end":{"line":47,"column":106}},"type":"cond-expr","locations":[{"start":{"line":47,"column":28},"end":{"line":47,"column":46}},{"start":{"line":47,"column":48},"end":{"line":47,"column":106}}]},"12":{"loc":{"start":{"line":47,"column":48},"end":{"line":47,"column":106}},"type":"cond-expr","locations":[{"start":{"line":47,"column":67},"end":{"line":47,"column":98}},{"start":{"line":47,"column":101},"end":{"line":47,"column":106}}]},"13":{"loc":{"start":{"line":69,"column":4},"end":{"line":69,"column":36}},"type":"binary-expr","locations":[{"start":{"line":69,"column":4},"end":{"line":69,"column":18}},{"start":{"line":69,"column":22},"end":{"line":69,"column":36}}]},"14":{"loc":{"start":{"line":74,"column":4},"end":{"line":74,"column":null}},"type":"if","locations":[{"start":{"line":74,"column":4},"end":{"line":74,"column":null}}]}},"s":{"0":1,"1":1,"2":149,"3":1,"4":32,"5":6,"6":2,"7":4,"8":2,"9":2,"10":2,"11":0,"12":6,"13":24,"14":8,"15":16,"16":16,"17":0,"18":1,"19":9,"20":214,"21":180,"22":20,"23":10,"24":132,"25":12,"26":20,"27":0,"28":15,"29":0,"30":9,"31":18,"32":5,"33":3,"34":4,"35":0,"36":0,"37":6,"38":1,"39":26,"40":72,"41":7,"42":72,"43":1},"f":{"0":149,"1":32,"2":6,"3":6,"4":24,"5":9,"6":214,"7":180,"8":20,"9":10,"10":132,"11":12,"12":20,"13":0,"14":15,"15":0,"16":9,"17":18,"18":5,"19":3,"20":4,"21":0,"22":6,"23":26,"24":72},"b":{"0":[7,25],"1":[2,4],"2":[6,5,2,1],"3":[2,2],"4":[2],"5":[2,2],"6":[8],"7":[24,16],"8":[16],"9":[16,12,6,4,4,0],"10":[130,2],"11":[25,105],"12":[18,87],"13":[6,3],"14":[7]}}
,"D:\\Ethan\\myCode\\form-validator\\src\\rules.ts": {"path":"D:\\Ethan\\myCode\\form-validator\\src\\rules.ts","statementMap":{"0":{"start":{"line":5,"column":13},"end":{"line":6,"column":null}},"1":{"start":{"line":6,"column":2},"end":{"line":6,"column":null}},"2":{"start":{"line":8,"column":13},"end":{"line":14,"column":1}},"3":{"start":{"line":8,"column":30},"end":{"line":8,"column":null}},"4":{"start":{"line":9,"column":10},"end":{"line":9,"column":110}},"5":{"start":{"line":11,"column":2},"end":{"line":11,"column":null}},"6":{"start":{"line":11,"column":20},"end":{"line":11,"column":null}},"7":{"start":{"line":12,"column":2},"end":{"line":12,"column":null}},"8":{"start":{"line":13,"column":2},"end":{"line":13,"column":null}},"9":{"start":{"line":19,"column":0},"end":{"line":46,"column":null}}},"fnMap":{"0":{"name":"(anonymous_0)","decl":{"start":{"line":5,"column":19},"end":{"line":5,"column":20}},"loc":{"start":{"line":5,"column":33},"end":{"line":6,"column":6}}},"1":{"name":"(anonymous_1)","decl":{"start":{"line":8,"column":13},"end":{"line":8,"column":14}},"loc":{"start":{"line":8,"column":40},"end":{"line":14,"column":1}}}},"branchMap":{"0":{"loc":{"start":{"line":8,"column":30},"end":{"line":8,"column":null}},"type":"if","locations":[{"start":{"line":8,"column":30},"end":{"line":8,"column":null}}]},"1":{"loc":{"start":{"line":11,"column":2},"end":{"line":11,"column":null}},"type":"if","locations":[{"start":{"line":11,"column":2},"end":{"line":11,"column":null}}]}},"s":{"0":1,"1":4,"2":1,"3":3,"4":2,"5":2,"6":1,"7":2,"8":2,"9":1},"f":{"0":4,"1":2},"b":{"0":[1],"1":[1]}}
,"D:\\Ethan\\myCode\\form-validator\\src\\utils.ts": {"path":"D:\\Ethan\\myCode\\form-validator\\src\\utils.ts","statementMap":{"0":{"start":{"line":1,"column":0},"end":{"line":1,"column":100}},"1":{"start":{"line":2,"column":0},"end":{"line":2,"column":33}},"2":{"start":{"line":3,"column":0},"end":{"line":3,"column":46}},"3":{"start":{"line":7,"column":20},"end":{"line":7,"column":25}},"4":{"start":{"line":28,"column":2},"end":{"line":30,"column":null}},"5":{"start":{"line":28,"column":33},"end":{"line":28,"column":null}},"6":{"start":{"line":29,"column":7},"end":{"line":30,"column":null}},"7":{"start":{"line":29,"column":25},"end":{"line":29,"column":null}},"8":{"start":{"line":30,"column":7},"end":{"line":30,"column":null}},"9":{"start":{"line":31,"column":2},"end":{"line":31,"column":null}},"10":{"start":{"line":25,"column":0},"end":{"line":25,"column":16}},"11":{"start":{"line":43,"column":2},"end":{"line":43,"column":null}},"12":{"start":{"line":45,"column":13},"end":{"line":45,"column":24}},"13":{"start":{"line":47,"column":2},"end":{"line":47,"column":null}},"14":{"start":{"line":48,"column":2},"end":{"line":57,"column":null}},"15":{"start":{"line":48,"column":44},"end":{"line":57,"column":null}},"16":{"start":{"line":49,"column":16},"end":{"line":49,"column":42}},"17":{"start":{"line":50,"column":4},"end":{"line":56,"column":null}},"18":{"start":{"line":51,"column":6},"end":{"line":51,"column":null}},"19":{"start":{"line":52,"column":6},"end":{"line":52,"column":null}},"20":{"start":{"line":55,"column":6},"end":{"line":55,"column":null}},"21":{"start":{"line":58,"column":2},"end":{"line":60,"column":null}},"22":{"start":{"line":59,"column":4},"end":{"line":59,"column":null}},"23":{"start":{"line":59,"column":38},"end":{"line":59,"column":99}},"24":{"start":{"line":61,"column":2},"end":{"line":61,"column":null}},"25":{"start":{"line":42,"column":0},"end":{"line":42,"column":16}},"26":{"start":{"line":69,"column":2},"end":{"line":69,"column":null}},"27":{"start":{"line":69,"column":52},"end":{"line":69,"column":66}},"28":{"start":{"line":68,"column":0},"end":{"line":68,"column":16}},"29":{"start":{"line":77,"column":2},"end":{"line":88,"column":null}},"30":{"start":{"line":78,"column":16},"end":{"line":78,"column":53}},"31":{"start":{"line":78,"column":39},"end":{"line":78,"column":53}},"32":{"start":{"line":79,"column":4},"end":{"line":87,"column":null}},"33":{"start":{"line":82,"column":6},"end":{"line":82,"column":null}},"34":{"start":{"line":86,"column":6},"end":{"line":86,"column":null}},"35":{"start":{"line":91,"column":2},"end":{"line":91,"column":null}},"36":{"start":{"line":76,"column":0},"end":{"line":76,"column":16}},"37":{"start":{"line":99,"column":13},"end":{"line":100,"column":null}},"38":{"start":{"line":100,"column":2},"end":{"line":100,"column":null}},"39":{"start":{"line":100,"column":32},"end":{"line":100,"column":83}},"40":{"start":{"line":109,"column":13},"end":{"line":113,"column":null}},"41":{"start":{"line":110,"column":16},"end":{"line":110,"column":28}},"42":{"start":{"line":111,"column":22},"end":{"line":111,"column":54}},"43":{"start":{"line":112,"column":2},"end":{"line":112,"column":null}},"44":{"start":{"line":122,"column":2},"end":{"line":122,"column":null}},"45":{"start":{"line":122,"column":16},"end":{"line":122,"column":null}},"46":{"start":{"line":123,"column":37},"end":{"line":123,"column":47}},"47":{"start":{"line":124,"column":31},"end":{"line":124,"column":41}},"48":{"start":{"line":125,"column":24},"end":{"line":125,"column":34}},"49":{"start":{"line":126,"column":11},"end":{"line":126,"column":21}},"50":{"start":{"line":127,"column":15},"end":{"line":127,"column":25}},"51":{"start":{"line":129,"column":2},"end":{"line":149,"column":null}},"52":{"start":{"line":130,"column":31},"end":{"line":130,"column":131}},"53":{"start":{"line":132,"column":4},"end":{"line":132,"column":null}},"54":{"start":{"line":132,"column":33},"end":{"line":132,"column":null}},"55":{"start":{"line":133,"column":4},"end":{"line":135,"column":null}},"56":{"start":{"line":134,"column":6},"end":{"line":134,"column":null}},"57":{"start":{"line":136,"column":4},"end":{"line":138,"column":null}},"58":{"start":{"line":137,"column":6},"end":{"line":137,"column":null}},"59":{"start":{"line":140,"column":4},"end":{"line":140,"column":null}},"60":{"start":{"line":142,"column":4},"end":{"line":147,"column":null}},"61":{"start":{"line":143,"column":32},"end":{"line":143,"column":45}},"62":{"start":{"line":144,"column":6},"end":{"line":144,"column":null}},"63":{"start":{"line":144,"column":35},"end":{"line":144,"column":null}},"64":{"start":{"line":146,"column":6},"end":{"line":146,"column":null}},"65":{"start":{"line":148,"column":4},"end":{"line":148,"column":null}},"66":{"start":{"line":121,"column":0},"end":{"line":121,"column":16}},"67":{"start":{"line":159,"column":47},"end":{"line":159,"column":49}},"68":{"start":{"line":160,"column":2},"end":{"line":162,"column":null}},"69":{"start":{"line":161,"column":4},"end":{"line":161,"column":null}},"70":{"start":{"line":163,"column":2},"end":{"line":166,"column":null}},"71":{"start":{"line":164,"column":4},"end":{"line":164,"column":null}},"72":{"start":{"line":165,"column":4},"end":{"line":165,"column":null}},"73":{"start":{"line":167,"column":2},"end":{"line":179,"column":null}},"74":{"start":{"line":168,"column":4},"end":{"line":172,"column":null}},"75":{"start":{"line":169,"column":13},"end":{"line":169,"column":25}},"76":{"start":{"line":170,"column":6},"end":{"line":170,"column":null}},"77":{"start":{"line":171,"column":6},"end":{"line":171,"column":null}},"78":{"start":{"line":174,"column":4},"end":{"line":178,"column":null}},"79":{"start":{"line":175,"column":13},"end":{"line":175,"column":25}},"80":{"start":{"line":176,"column":6},"end":{"line":176,"column":null}},"81":{"start":{"line":177,"column":6},"end":{"line":177,"column":null}},"82":{"start":{"line":180,"column":2},"end":{"line":180,"column":null}},"83":{"start":{"line":158,"column":0},"end":{"line":158,"column":16}},"84":{"start":{"line":190,"column":2},"end":{"line":190,"column":null}},"85":{"start":{"line":190,"column":29},"end":{"line":190,"column":null}},"86":{"start":{"line":191,"column":2},"end":{"line":195,"column":null}},"87":{"start":{"line":192,"column":4},"end":{"line":192,"column":null}},"88":{"start":{"line":192,"column":37},"end":{"line":192,"column":47}},"89":{"start":{"line":194,"column":4},"end":{"line":194,"column":null}},"90":{"start":{"line":189,"column":0},"end":{"line":189,"column":16}},"91":{"start":{"line":208,"column":2},"end":{"line":208,"column":null}},"92":{"start":{"line":208,"column":62},"end":{"line":208,"column":null}},"93":{"start":{"line":209,"column":44},"end":{"line":209,"column":46}},"94":{"start":{"line":209,"column":87},"end":{"line":209,"column":89}},"95":{"start":{"line":210,"column":2},"end":{"line":237,"column":null}},"96":{"start":{"line":212,"column":16},"end":{"line":212,"column":41}},"97":{"start":{"line":213,"column":4},"end":{"line":217,"column":null}},"98":{"start":{"line":214,"column":6},"end":{"line":214,"column":null}},"99":{"start":{"line":216,"column":6},"end":{"line":216,"column":null}},"100":{"start":{"line":218,"column":9},"end":{"line":237,"column":null}},"101":{"start":{"line":219,"column":49},"end":{"line":219,"column":51}},"102":{"start":{"line":221,"column":4},"end":{"line":221,"column":39}},"103":{"start":{"line":223,"column":4},"end":{"line":236,"column":null}},"104":{"start":{"line":224,"column":20},"end":{"line":224,"column":27}},"105":{"start":{"line":225,"column":12},"end":{"line":225,"column":19}},"106":{"start":{"line":226,"column":14},"end":{"line":226,"column":33}},"107":{"start":{"line":227,"column":15},"end":{"line":227,"column":52}},"108":{"start":{"line":229,"column":14},"end":{"line":229,"column":42}},"109":{"start":{"line":231,"column":6},"end":{"line":235,"column":null}},"110":{"start":{"line":232,"column":8},"end":{"line":232,"column":null}},"111":{"start":{"line":234,"column":8},"end":{"line":234,"column":null}},"112":{"start":{"line":237,"column":9},"end":{"line":237,"column":null}},"113":{"start":{"line":239,"column":2},"end":{"line":255,"column":null}},"114":{"start":{"line":240,"column":4},"end":{"line":249,"column":null}},"115":{"start":{"line":241,"column":6},"end":{"line":248,"column":null}},"116":{"start":{"line":242,"column":8},"end":{"line":244,"column":null}},"117":{"start":{"line":243,"column":10},"end":{"line":243,"column":null}},"118":{"start":{"line":245,"column":8},"end":{"line":245,"column":null}},"119":{"start":{"line":247,"column":8},"end":{"line":247,"column":null}},"120":{"start":{"line":251,"column":9},"end":{"line":255,"column":null}},"121":{"start":{"line":254,"column":4},"end":{"line":254,"column":null}},"122":{"start":{"line":255,"column":9},"end":{"line":255,"column":null}},"123":{"start":{"line":206,"column":0},"end":{"line":206,"column":16}},"124":{"start":{"line":265,"column":2},"end":{"line":265,"column":null}},"125":{"start":{"line":265,"column":33},"end":{"line":265,"column":null}},"126":{"start":{"line":266,"column":2},"end":{"line":266,"column":128}},"127":{"start":{"line":266,"column":114},"end":{"line":266,"column":128}},"128":{"start":{"line":267,"column":23},"end":{"line":267,"column":57}},"129":{"start":{"line":268,"column":34},"end":{"line":268,"column":36}},"130":{"start":{"line":269,"column":33},"end":{"line":269,"column":35}},"131":{"start":{"line":270,"column":31},"end":{"line":270,"column":33}},"132":{"start":{"line":271,"column":24},"end":{"line":271,"column":26}},"133":{"start":{"line":272,"column":26},"end":{"line":276,"column":null}},"134":{"start":{"line":278,"column":2},"end":{"line":295,"column":null}},"135":{"start":{"line":278,"column":15},"end":{"line":278,"column":16}},"136":{"start":{"line":278,"column":24},"end":{"line":278,"column":43}},"137":{"start":{"line":279,"column":14},"end":{"line":279,"column":29}},"138":{"start":{"line":281,"column":4},"end":{"line":294,"column":null}},"139":{"start":{"line":282,"column":6},"end":{"line":286,"column":null}},"140":{"start":{"line":283,"column":8},"end":{"line":283,"column":null}},"141":{"start":{"line":284,"column":8},"end":{"line":284,"column":null}},"142":{"start":{"line":285,"column":8},"end":{"line":285,"column":29}},"143":{"start":{"line":285,"column":24},"end":{"line":285,"column":29}},"144":{"start":{"line":286,"column":13},"end":{"line":286,"column":null}},"145":{"start":{"line":288,"column":9},"end":{"line":294,"column":null}},"146":{"start":{"line":289,"column":6},"end":{"line":293,"column":null}},"147":{"start":{"line":290,"column":8},"end":{"line":290,"column":null}},"148":{"start":{"line":291,"column":8},"end":{"line":291,"column":null}},"149":{"start":{"line":292,"column":8},"end":{"line":292,"column":29}},"150":{"start":{"line":292,"column":24},"end":{"line":292,"column":29}},"151":{"start":{"line":293,"column":13},"end":{"line":293,"column":null}},"152":{"start":{"line":296,"column":2},"end":{"line":312,"column":null}},"153":{"start":{"line":296,"column":15},"end":{"line":296,"column":16}},"154":{"start":{"line":296,"column":24},"end":{"line":296,"column":45}},"155":{"start":{"line":297,"column":17},"end":{"line":297,"column":34}},"156":{"start":{"line":298,"column":17},"end":{"line":298,"column":24}},"157":{"start":{"line":299,"column":19},"end":{"line":299,"column":26}},"158":{"start":{"line":300,"column":17},"end":{"line":300,"column":30}},"159":{"start":{"line":302,"column":4},"end":{"line":311,"column":null}},"160":{"start":{"line":303,"column":18},"end":{"line":303,"column":34}},"161":{"start":{"line":304,"column":6},"end":{"line":308,"column":null}},"162":{"start":{"line":305,"column":8},"end":{"line":305,"column":null}},"163":{"start":{"line":306,"column":8},"end":{"line":306,"column":null}},"164":{"start":{"line":307,"column":8},"end":{"line":307,"column":29}},"165":{"start":{"line":307,"column":24},"end":{"line":307,"column":29}},"166":{"start":{"line":308,"column":13},"end":{"line":308,"column":null}},"167":{"start":{"line":309,"column":11},"end":{"line":311,"column":null}},"168":{"start":{"line":310,"column":6},"end":{"line":310,"column":null}},"169":{"start":{"line":314,"column":2},"end":{"line":330,"column":null}},"170":{"start":{"line":315,"column":4},"end":{"line":328,"column":null}},"171":{"start":{"line":316,"column":6},"end":{"line":327,"column":null}},"172":{"start":{"line":317,"column":8},"end":{"line":323,"column":null}},"173":{"start":{"line":318,"column":22},"end":{"line":318,"column":39}},"174":{"start":{"line":319,"column":10},"end":{"line":322,"column":null}},"175":{"start":{"line":320,"column":12},"end":{"line":320,"column":null}},"176":{"start":{"line":321,"column":12},"end":{"line":321,"column":null}},"177":{"start":{"line":322,"column":17},"end":{"line":322,"column":null}},"178":{"start":{"line":324,"column":8},"end":{"line":324,"column":null}},"179":{"start":{"line":326,"column":8},"end":{"line":326,"column":null}},"180":{"start":{"line":330,"column":9},"end":{"line":330,"column":null}}},"fnMap":{"0":{"name":"getMsgTemplate","decl":{"start":{"line":25,"column":16},"end":{"line":25,"column":30}},"loc":{"start":{"line":25,"column":67},"end":{"line":32,"column":1}}},"1":{"name":"msgTemplateToMsg","decl":{"start":{"line":42,"column":16},"end":{"line":42,"column":32}},"loc":{"start":{"line":42,"column":130},"end":{"line":62,"column":1}}},"2":{"name":"(anonymous_4)","decl":{"start":{"line":48,"column":82},"end":{"line":48,"column":null}},"loc":{"start":{"line":48,"column":82},"end":{"line":57,"column":3}}},"3":{"name":"(anonymous_5)","decl":{"start":{"line":59,"column":20},"end":{"line":59,"column":21}},"loc":{"start":{"line":59,"column":33},"end":{"line":59,"column":45}}},"4":{"name":"checkResult","decl":{"start":{"line":68,"column":16},"end":{"line":68,"column":27}},"loc":{"start":{"line":68,"column":61},"end":{"line":70,"column":1}}},"5":{"name":"(anonymous_7)","decl":{"start":{"line":69,"column":44},"end":{"line":69,"column":48}},"loc":{"start":{"line":69,"column":48},"end":{"line":69,"column":56}}},"6":{"name":"checkResult2","decl":{"start":{"line":76,"column":16},"end":{"line":76,"column":28}},"loc":{"start":{"line":76,"column":62},"end":{"line":92,"column":1}}},"7":{"name":"(anonymous_9)","decl":{"start":{"line":78,"column":31},"end":{"line":78,"column":35}},"loc":{"start":{"line":78,"column":35},"end":{"line":78,"column":43}}},"8":{"name":"(anonymous_10)","decl":{"start":{"line":99,"column":28},"end":{"line":99,"column":29}},"loc":{"start":{"line":99,"column":53},"end":{"line":100,"column":3}}},"9":{"name":"(anonymous_11)","decl":{"start":{"line":100,"column":27},"end":{"line":100,"column":28}},"loc":{"start":{"line":100,"column":28},"end":{"line":100,"column":33}}},"10":{"name":"(anonymous_12)","decl":{"start":{"line":109,"column":22},"end":{"line":109,"column":23}},"loc":{"start":{"line":109,"column":90},"end":{"line":113,"column":1}}},"11":{"name":"resultToBoolean","decl":{"start":{"line":121,"column":16},"end":{"line":121,"column":31}},"loc":{"start":{"line":121,"column":95},"end":{"line":150,"column":1}}},"12":{"name":"collectChains","decl":{"start":{"line":158,"column":16},"end":{"line":158,"column":29}},"loc":{"start":{"line":158,"column":75},"end":{"line":181,"column":1}}},"13":{"name":"(anonymous_15)","decl":{"start":{"line":168,"column":19},"end":{"line":168,"column":20}},"loc":{"start":{"line":168,"column":70},"end":{"line":172,"column":5}}},"14":{"name":"(anonymous_16)","decl":{"start":{"line":174,"column":32},"end":{"line":174,"column":35}},"loc":{"start":{"line":174,"column":35},"end":{"line":178,"column":5}}},"15":{"name":"findValue","decl":{"start":{"line":189,"column":16},"end":{"line":189,"column":25}},"loc":{"start":{"line":189,"column":61},"end":{"line":196,"column":1}}},"16":{"name":"(anonymous_18)","decl":{"start":{"line":192,"column":23},"end":{"line":192,"column":24}},"loc":{"start":{"line":192,"column":32},"end":{"line":192,"column":40}}},"17":{"name":"check","decl":{"start":{"line":206,"column":16},"end":{"line":206,"column":21}},"loc":{"start":{"line":206,"column":107},"end":{"line":256,"column":1}}},"18":{"name":"(anonymous_20)","decl":{"start":{"line":223,"column":19},"end":{"line":223,"column":23}},"loc":{"start":{"line":223,"column":23},"end":{"line":236,"column":5}}},"19":{"name":"(anonymous_21)","decl":{"start":{"line":240,"column":23},"end":{"line":240,"column":24}},"loc":{"start":{"line":240,"column":39},"end":{"line":249,"column":5}}},"20":{"name":"(anonymous_22)","decl":{"start":{"line":241,"column":35},"end":{"line":241,"column":38}},"loc":{"start":{"line":241,"column":38},"end":{"line":246,"column":7}}},"21":{"name":"(anonymous_23)","decl":{"start":{"line":242,"column":20},"end":{"line":242,"column":21}},"loc":{"start":{"line":242,"column":21},"end":{"line":244,"column":9}}},"22":{"name":"(anonymous_24)","decl":{"start":{"line":246,"column":15},"end":{"line":246,"column":20}},"loc":{"start":{"line":246,"column":20},"end":{"line":248,"column":7}}},"23":{"name":"checkchain","decl":{"start":{"line":263,"column":9},"end":{"line":263,"column":19}},"loc":{"start":{"line":263,"column":72},"end":{"line":331,"column":1}}},"24":{"name":"(anonymous_26)","decl":{"start":{"line":315,"column":23},"end":{"line":315,"column":24}},"loc":{"start":{"line":315,"column":39},"end":{"line":328,"column":5}}},"25":{"name":"(anonymous_27)","decl":{"start":{"line":316,"column":32},"end":{"line":316,"column":35}},"loc":{"start":{"line":316,"column":35},"end":{"line":325,"column":7}}},"26":{"name":"(anonymous_28)","decl":{"start":{"line":317,"column":20},"end":{"line":317,"column":21}},"loc":{"start":{"line":317,"column":25},"end":{"line":323,"column":9}}},"27":{"name":"(anonymous_29)","decl":{"start":{"line":325,"column":15},"end":{"line":325,"column":20}},"loc":{"start":{"line":325,"column":20},"end":{"line":327,"column":7}}}},"branchMap":{"0":{"loc":{"start":{"line":28,"column":2},"end":{"line":30,"column":null}},"type":"if","locations":[{"start":{"line":28,"column":2},"end":{"line":30,"column":null}},{"start":{"line":29,"column":7},"end":{"line":30,"column":null}}]},"1":{"loc":{"start":{"line":28,"column":6},"end":{"line":28,"column":31}},"type":"binary-expr","locations":[{"start":{"line":28,"column":6},"end":{"line":28,"column":14}},{"start":{"line":28,"column":18},"end":{"line":28,"column":31}}]},"2":{"loc":{"start":{"line":29,"column":7},"end":{"line":30,"column":null}},"type":"if","locations":[{"start":{"line":29,"column":7},"end":{"line":30,"column":null}},{"start":{"line":30,"column":7},"end":{"line":30,"column":null}}]},"3":{"loc":{"start":{"line":43,"column":10},"end":{"line":43,"column":21}},"type":"binary-expr","locations":[{"start":{"line":43,"column":10},"end":{"line":43,"column":15}},{"start":{"line":43,"column":19},"end":{"line":43,"column":21}}]},"4":{"loc":{"start":{"line":45,"column":13},"end":{"line":45,"column":24}},"type":"binary-expr","locations":[{"start":{"line":45,"column":13},"end":{"line":45,"column":18}},{"start":{"line":45,"column":22},"end":{"line":45,"column":24}}]},"5":{"loc":{"start":{"line":48,"column":2},"end":{"line":57,"column":null}},"type":"if","locations":[{"start":{"line":48,"column":2},"end":{"line":57,"column":null}}]},"6":{"loc":{"start":{"line":48,"column":6},"end":{"line":48,"column":42}},"type":"binary-expr","locations":[{"start":{"line":48,"column":6},"end":{"line":48,"column":29}},{"start":{"line":48,"column":33},"end":{"line":48,"column":42}}]},"7":{"loc":{"start":{"line":49,"column":16},"end":{"line":49,"column":42}},"type":"cond-expr","locations":[{"start":{"line":49,"column":32},"end":{"line":49,"column":37}},{"start":{"line":49,"column":40},"end":{"line":49,"column":42}}]},"8":{"loc":{"start":{"line":50,"column":4},"end":{"line":56,"column":null}},"type":"if","locations":[{"start":{"line":50,"column":4},"end":{"line":56,"column":null}},{"start":{"line":54,"column":9},"end":{"line":56,"column":null}}]},"9":{"loc":{"start":{"line":52,"column":14},"end":{"line":52,"column":25}},"type":"cond-expr","locations":[{"start":{"line":52,"column":18},"end":{"line":52,"column":20}},{"start":{"line":52,"column":23},"end":{"line":52,"column":25}}]},"10":{"loc":{"start":{"line":55,"column":14},"end":{"line":55,"column":36}},"type":"cond-expr","locations":[{"start":{"line":55,"column":24},"end":{"line":55,"column":31}},{"start":{"line":55,"column":34},"end":{"line":55,"column":36}}]},"11":{"loc":{"start":{"line":58,"column":2},"end":{"line":60,"column":null}},"type":"if","locations":[{"start":{"line":58,"column":2},"end":{"line":60,"column":null}}]},"12":{"loc":{"start":{"line":58,"column":6},"end":{"line":58,"column":63}},"type":"binary-expr","locations":[{"start":{"line":58,"column":6},"end":{"line":58,"column":13}},{"start":{"line":58,"column":17},"end":{"line":58,"column":35}},{"start":{"line":58,"column":39},"end":{"line":58,"column":63}}]},"13":{"loc":{"start":{"line":69,"column":9},"end":{"line":69,"column":74}},"type":"cond-expr","locations":[{"start":{"line":69,"column":30},"end":{"line":69,"column":66}},{"start":{"line":69,"column":69},"end":{"line":69,"column":74}}]},"14":{"loc":{"start":{"line":77,"column":2},"end":{"line":88,"column":null}},"type":"if","locations":[{"start":{"line":77,"column":2},"end":{"line":88,"column":null}}]},"15":{"loc":{"start":{"line":79,"column":4},"end":{"line":87,"column":null}},"type":"if","locations":[{"start":{"line":79,"column":4},"end":{"line":87,"column":null}},{"start":{"line":83,"column":11},"end":{"line":87,"column":null}}]},"16":{"loc":{"start":{"line":100,"column":32},"end":{"line":100,"column":82}},"type":"cond-expr","locations":[{"start":{"line":100,"column":69},"end":{"line":100,"column":78}},{"start":{"line":100,"column":80},"end":{"line":100,"column":82}}]},"17":{"loc":{"start":{"line":100,"column":33},"end":{"line":100,"column":65}},"type":"binary-expr","locations":[{"start":{"line":100,"column":33},"end":{"line":100,"column":47}},{"start":{"line":100,"column":51},"end":{"line":100,"column":65}}]},"18":{"loc":{"start":{"line":122,"column":2},"end":{"line":122,"column":null}},"type":"if","locations":[{"start":{"line":122,"column":2},"end":{"line":122,"column":null}}]},"19":{"loc":{"start":{"line":129,"column":2},"end":{"line":149,"column":null}},"type":"if","locations":[{"start":{"line":129,"column":2},"end":{"line":149,"column":null}},{"start":{"line":141,"column":9},"end":{"line":149,"column":null}}]},"20":{"loc":{"start":{"line":130,"column":54},"end":{"line":130,"column":90}},"type":"cond-expr","locations":[{"start":{"line":130,"column":71},"end":{"line":130,"column":78}},{"start":{"line":130,"column":81},"end":{"line":130,"column":90}}]},"21":{"loc":{"start":{"line":130,"column":98},"end":{"line":130,"column":129}},"type":"cond-expr","locations":[{"start":{"line":130,"column":113},"end":{"line":130,"column":117}},{"start":{"line":130,"column":120},"end":{"line":130,"column":129}}]},"22":{"loc":{"start":{"line":130,"column":98},"end":{"line":130,"column":110}},"type":"cond-expr","locations":[{"start":{"line":130,"column":102},"end":{"line":130,"column":104}},{"start":{"line":130,"column":98},"end":{"line":130,"column":110}}]},"23":{"loc":{"start":{"line":130,"column":98},"end":{"line":130,"column":104}},"type":"binary-expr","locations":[{"start":{"line":130,"column":98},"end":{"line":130,"column":104}},{"start":{"line":130,"column":98},"end":{"line":130,"column":104}}]},"24":{"loc":{"start":{"line":132,"column":4},"end":{"line":132,"column":null}},"type":"if","locations":[{"start":{"line":132,"column":4},"end":{"line":132,"column":null}}]},"25":{"loc":{"start":{"line":132,"column":8},"end":{"line":132,"column":31}},"type":"binary-expr","locations":[{"start":{"line":132,"column":8},"end":{"line":132,"column":16}},{"start":{"line":132,"column":20},"end":{"line":132,"column":31}}]},"26":{"loc":{"start":{"line":133,"column":4},"end":{"line":135,"column":null}},"type":"if","locations":[{"start":{"line":133,"column":4},"end":{"line":135,"column":null}}]},"27":{"loc":{"start":{"line":133,"column":8},"end":{"line":133,"column":60}},"type":"binary-expr","locations":[{"start":{"line":133,"column":8},"end":{"line":133,"column":15}},{"start":{"line":133,"column":19},"end":{"line":133,"column":43}},{"start":{"line":133,"column":47},"end":{"line":133,"column":60}}]},"28":{"loc":{"start":{"line":136,"column":4},"end":{"line":138,"column":null}},"type":"if","locations":[{"start":{"line":136,"column":4},"end":{"line":138,"column":null}}]},"29":{"loc":{"start":{"line":142,"column":4},"end":{"line":147,"column":null}},"type":"if","locations":[{"start":{"line":142,"column":4},"end":{"line":147,"column":null}}]},"30":{"loc":{"start":{"line":142,"column":8},"end":{"line":142,"column":31}},"type":"binary-expr","locations":[{"start":{"line":142,"column":8},"end":{"line":142,"column":16}},{"start":{"line":142,"column":20},"end":{"line":142,"column":31}}]},"31":{"loc":{"start":{"line":144,"column":6},"end":{"line":144,"column":null}},"type":"if","locations":[{"start":{"line":144,"column":6},"end":{"line":144,"column":null}}]},"32":{"loc":{"start":{"line":144,"column":10},"end":{"line":144,"column":33}},"type":"binary-expr","locations":[{"start":{"line":144,"column":10},"end":{"line":144,"column":14}},{"start":{"line":144,"column":18},"end":{"line":144,"column":33}}]},"33":{"loc":{"start":{"line":160,"column":2},"end":{"line":162,"column":null}},"type":"if","locations":[{"start":{"line":160,"column":2},"end":{"line":162,"column":null}}]},"34":{"loc":{"start":{"line":160,"column":6},"end":{"line":160,"column":50}},"type":"binary-expr","locations":[{"start":{"line":160,"column":6},"end":{"line":160,"column":26}},{"start":{"line":160,"column":30},"end":{"line":160,"column":50}}]},"35":{"loc":{"start":{"line":163,"column":2},"end":{"line":166,"column":null}},"type":"if","locations":[{"start":{"line":163,"column":2},"end":{"line":166,"column":null}}]},"36":{"loc":{"start":{"line":167,"column":2},"end":{"line":179,"column":null}},"type":"if","locations":[{"start":{"line":167,"column":2},"end":{"line":179,"column":null}},{"start":{"line":173,"column":9},"end":{"line":179,"column":null}}]},"37":{"loc":{"start":{"line":171,"column":6},"end":{"line":171,"column":64}},"type":"binary-expr","locations":[{"start":{"line":171,"column":6},"end":{"line":171,"column":11}},{"start":{"line":171,"column":16},"end":{"line":171,"column":63}}]},"38":{"loc":{"start":{"line":177,"column":6},"end":{"line":177,"column":76}},"type":"binary-expr","locations":[{"start":{"line":177,"column":6},"end":{"line":177,"column":17}},{"start":{"line":177,"column":22},"end":{"line":177,"column":75}}]},"39":{"loc":{"start":{"line":190,"column":2},"end":{"line":190,"column":null}},"type":"if","locations":[{"start":{"line":190,"column":2},"end":{"line":190,"column":null}}]},"40":{"loc":{"start":{"line":190,"column":6},"end":{"line":190,"column":27}},"type":"binary-expr","locations":[{"start":{"line":190,"column":6},"end":{"line":190,"column":11}},{"start":{"line":190,"column":15},"end":{"line":190,"column":27}}]},"41":{"loc":{"start":{"line":208,"column":2},"end":{"line":208,"column":null}},"type":"if","locations":[{"start":{"line":208,"column":2},"end":{"line":208,"column":null}}]},"42":{"loc":{"start":{"line":208,"column":5},"end":{"line":208,"column":60}},"type":"binary-expr","locations":[{"start":{"line":208,"column":5},"end":{"line":208,"column":30}},{"start":{"line":208,"column":34},"end":{"line":208,"column":60}}]},"43":{"loc":{"start":{"line":210,"column":2},"end":{"line":237,"column":null}},"type":"if","locations":[{"start":{"line":210,"column":2},"end":{"line":237,"column":null}},{"start":{"line":218,"column":9},"end":{"line":237,"column":null}}]},"44":{"loc":{"start":{"line":213,"column":4},"end":{"line":217,"column":null}},"type":"if","locations":[{"start":{"line":213,"column":4},"end":{"line":217,"column":null}},{"start":{"line":215,"column":11},"end":{"line":217,"column":null}}]},"45":{"loc":{"start":{"line":218,"column":9},"end":{"line":237,"column":null}},"type":"if","locations":[{"start":{"line":218,"column":9},"end":{"line":237,"column":null}},{"start":{"line":237,"column":9},"end":{"line":237,"column":null}}]},"46":{"loc":{"start":{"line":218,"column":12},"end":{"line":218,"column":67}},"type":"binary-expr","locations":[{"start":{"line":218,"column":12},"end":{"line":218,"column":37}},{"start":{"line":218,"column":41},"end":{"line":218,"column":67}}]},"47":{"loc":{"start":{"line":227,"column":15},"end":{"line":227,"column":52}},"type":"cond-expr","locations":[{"start":{"line":227,"column":28},"end":{"line":227,"column":48}},{"start":{"line":227,"column":51},"end":{"line":227,"column":52}}]},"48":{"loc":{"start":{"line":231,"column":6},"end":{"line":235,"column":null}},"type":"if","locations":[{"start":{"line":231,"column":6},"end":{"line":235,"column":null}},{"start":{"line":233,"column":13},"end":{"line":235,"column":null}}]},"49":{"loc":{"start":{"line":239,"column":2},"end":{"line":255,"column":null}},"type":"if","locations":[{"start":{"line":239,"column":2},"end":{"line":255,"column":null}},{"start":{"line":251,"column":9},"end":{"line":255,"column":null}}]},"50":{"loc":{"start":{"line":251,"column":9},"end":{"line":255,"column":null}},"type":"if","locations":[{"start":{"line":251,"column":9},"end":{"line":255,"column":null}},{"start":{"line":255,"column":9},"end":{"line":255,"column":null}}]},"51":{"loc":{"start":{"line":265,"column":2},"end":{"line":265,"column":null}},"type":"if","locations":[{"start":{"line":265,"column":2},"end":{"line":265,"column":null}}]},"52":{"loc":{"start":{"line":266,"column":2},"end":{"line":266,"column":128}},"type":"if","locations":[{"start":{"line":266,"column":2},"end":{"line":266,"column":128}}]},"53":{"loc":{"start":{"line":266,"column":6},"end":{"line":266,"column":112}},"type":"binary-expr","locations":[{"start":{"line":266,"column":6},"end":{"line":266,"column":32}},{"start":{"line":266,"column":36},"end":{"line":266,"column":56}},{"start":{"line":266,"column":60},"end":{"line":266,"column":112}}]},"54":{"loc":{"start":{"line":281,"column":4},"end":{"line":294,"column":null}},"type":"if","locations":[{"start":{"line":281,"column":4},"end":{"line":294,"column":null}},{"start":{"line":288,"column":9},"end":{"line":294,"column":null}}]},"55":{"loc":{"start":{"line":282,"column":6},"end":{"line":286,"column":null}},"type":"if","locations":[{"start":{"line":282,"column":6},"end":{"line":286,"column":null}},{"start":{"line":286,"column":13},"end":{"line":286,"column":null}}]},"56":{"loc":{"start":{"line":285,"column":8},"end":{"line":285,"column":29}},"type":"if","locations":[{"start":{"line":285,"column":8},"end":{"line":285,"column":29}}]},"57":{"loc":{"start":{"line":288,"column":9},"end":{"line":294,"column":null}},"type":"if","locations":[{"start":{"line":288,"column":9},"end":{"line":294,"column":null}}]},"58":{"loc":{"start":{"line":289,"column":6},"end":{"line":293,"column":null}},"type":"if","locations":[{"start":{"line":289,"column":6},"end":{"line":293,"column":null}},{"start":{"line":293,"column":13},"end":{"line":293,"column":null}}]},"59":{"loc":{"start":{"line":292,"column":8},"end":{"line":292,"column":29}},"type":"if","locations":[{"start":{"line":292,"column":8},"end":{"line":292,"column":29}}]},"60":{"loc":{"start":{"line":300,"column":17},"end":{"line":300,"column":30}},"type":"binary-expr","locations":[{"start":{"line":300,"column":17},"end":{"line":300,"column":24}},{"start":{"line":300,"column":28},"end":{"line":300,"column":30}}]},"61":{"loc":{"start":{"line":302,"column":4},"end":{"line":311,"column":null}},"type":"if","locations":[{"start":{"line":302,"column":4},"end":{"line":311,"column":null}},{"start":{"line":309,"column":11},"end":{"line":311,"column":null}}]},"62":{"loc":{"start":{"line":303,"column":25},"end":{"line":303,"column":32}},"type":"binary-expr","locations":[{"start":{"line":303,"column":25},"end":{"line":303,"column":26}},{"start":{"line":303,"column":30},"end":{"line":303,"column":32}}]},"63":{"loc":{"start":{"line":304,"column":6},"end":{"line":308,"column":null}},"type":"if","locations":[{"start":{"line":304,"column":6},"end":{"line":308,"column":null}},{"start":{"line":308,"column":13},"end":{"line":308,"column":null}}]},"64":{"loc":{"start":{"line":307,"column":8},"end":{"line":307,"column":29}},"type":"if","locations":[{"start":{"line":307,"column":8},"end":{"line":307,"column":29}}]},"65":{"loc":{"start":{"line":309,"column":11},"end":{"line":311,"column":null}},"type":"if","locations":[{"start":{"line":309,"column":11},"end":{"line":311,"column":null}}]},"66":{"loc":{"start":{"line":314,"column":2},"end":{"line":330,"column":null}},"type":"if","locations":[{"start":{"line":314,"column":2},"end":{"line":330,"column":null}},{"start":{"line":330,"column":9},"end":{"line":330,"column":null}}]},"67":{"loc":{"start":{"line":318,"column":30},"end":{"line":318,"column":37}},"type":"binary-expr","locations":[{"start":{"line":318,"column":30},"end":{"line":318,"column":31}},{"start":{"line":318,"column":35},"end":{"line":318,"column":37}}]},"68":{"loc":{"start":{"line":319,"column":10},"end":{"line":322,"column":null}},"type":"if","locations":[{"start":{"line":319,"column":10},"end":{"line":322,"column":null}},{"start":{"line":322,"column":17},"end":{"line":322,"column":null}}]}},"s":{"0":1,"1":1,"2":1,"3":1,"4":87,"5":2,"6":85,"7":85,"8":0,"9":87,"10":1,"11":87,"12":87,"13":87,"14":87,"15":0,"16":0,"17":0,"18":0,"19":0,"20":0,"21":87,"22":49,"23":101,"24":87,"25":1,"26":128,"27":131,"28":1,"29":2,"30":2,"31":8,"32":2,"33":1,"34":1,"35":2,"36":1,"37":1,"38":87,"39":177,"40":1,"41":87,"42":87,"43":87,"44":145,"45":0,"46":145,"47":145,"48":145,"49":145,"50":145,"51":145,"52":82,"53":82,"54":0,"55":82,"56":6,"57":82,"58":2,"59":80,"60":63,"61":2,"62":2,"63":0,"64":2,"65":63,"66":1,"67":30,"68":30,"69":0,"70":30,"71":20,"72":20,"73":10,"74":0,"75":0,"76":0,"77":0,"78":10,"79":25,"80":25,"81":25,"82":10,"83":1,"84":22,"85":0,"86":22,"87":22,"88":36,"89":0,"90":1,"91":130,"92":0,"93":130,"94":130,"95":130,"96":125,"97":125,"98":0,"99":125,"100":5,"101":5,"102":5,"103":5,"104":20,"105":20,"106":20,"107":20,"108":20,"109":20,"110":0,"111":20,"112":0,"113":130,"114":0,"115":0,"116":0,"117":0,"118":0,"119":0,"120":130,"121":2,"122":128,"123":1,"124":145,"125":51,"126":145,"127":0,"128":145,"129":145,"130":145,"131":145,"132":145,"133":145,"134":145,"135":145,"136":145,"137":194,"138":194,"139":84,"140":34,"141":34,"142":34,"143":0,"144":50,"145":110,"146":110,"147":53,"148":53,"149":53,"150":0,"151":57,"152":145,"153":145,"154":145,"155":2,"156":2,"157":2,"158":2,"159":2,"160":2,"161":2,"162":1,"163":1,"164":1,"165":0,"166":1,"167":0,"168":0,"169":145,"170":0,"171":0,"172":0,"173":0,"174":0,"175":0,"176":0,"177":0,"178":0,"179":0,"180":145},"f":{"0":87,"1":87,"2":0,"3":101,"4":128,"5":131,"6":2,"7":8,"8":87,"9":177,"10":87,"11":145,"12":30,"13":0,"14":25,"15":22,"16":36,"17":130,"18":20,"19":0,"20":0,"21":0,"22":0,"23":145,"24":0,"25":0,"26":0,"27":0},"b":{"0":[2,85],"1":[87,2],"2":[85,0],"3":[87,85],"4":[87,87],"5":[0],"6":[87,49],"7":[0,0],"8":[0,0],"9":[0,0],"10":[0,0],"11":[49],"12":[87,87,87],"13":[128,0],"14":[2],"15":[1,1],"16":[92,85],"17":[177,138],"18":[0],"19":[82,63],"20":[82,0],"21":[5,77],"22":[77,5],"23":[82,82],"24":[0],"25":[82,82],"26":[6],"27":[82,77,77],"28":[2],"29":[2],"30":[63,63],"31":[0],"32":[2,0],"33":[0],"34":[30,0],"35":[20],"36":[0,10],"37":[0,0],"38":[25,25],"39":[0],"40":[22,22],"41":[0],"42":[130,87],"43":[125,5],"44":[0,125],"45":[5,0],"46":[5,5],"47":[8,12],"48":[0,20],"49":[0,130],"50":[2,128],"51":[51],"52":[0],"53":[145,132,2],"54":[84,110],"55":[34,50],"56":[0],"57":[110],"58":[53,57],"59":[0],"60":[2,0],"61":[2,0],"62":[2,2],"63":[1,1],"64":[0],"65":[0],"66":[0,145],"67":[0,0],"68":[0,0]}}
,"D:\\Ethan\\myCode\\form-validator\\src\\validator.ts": {"path":"D:\\Ethan\\myCode\\form-validator\\src\\validator.ts","statementMap":{"0":{"start":{"line":1,"column":0},"end":{"line":1,"column":57}},"1":{"start":{"line":2,"column":0},"end":{"line":2,"column":31}},"2":{"start":{"line":3,"column":0},"end":{"line":3,"column":42}},"3":{"start":{"line":33,"column":36},"end":{"line":82,"column":null}},"4":{"start":{"line":35,"column":4},"end":{"line":35,"column":null}},"5":{"start":{"line":38,"column":4},"end":{"line":38,"column":null}},"6":{"start":{"line":41,"column":4},"end":{"line":41,"column":null}},"7":{"start":{"line":44,"column":4},"end":{"line":44,"column":null}},"8":{"start":{"line":47,"column":4},"end":{"line":47,"column":null}},"9":{"start":{"line":50,"column":4},"end":{"line":50,"column":null}},"10":{"start":{"line":54,"column":91},"end":{"line":54,"column":null}},"11":{"start":{"line":56,"column":4},"end":{"line":56,"column":null}},"12":{"start":{"line":59,"column":4},"end":{"line":59,"column":null}},"13":{"start":{"line":62,"column":4},"end":{"line":64,"column":null}},"14":{"start":{"line":63,"column":6},"end":{"line":63,"column":null}},"15":{"start":{"line":65,"column":4},"end":{"line":65,"column":null}},"16":{"start":{"line":68,"column":4},"end":{"line":70,"column":null}},"17":{"start":{"line":69,"column":6},"end":{"line":69,"column":null}},"18":{"start":{"line":71,"column":4},"end":{"line":71,"column":null}},"19":{"start":{"line":74,"column":14},"end":{"line":74,"column":17}},"20":{"start":{"line":75,"column":4},"end":{"line":77,"column":null}},"21":{"start":{"line":76,"column":6},"end":{"line":76,"column":null}},"22":{"start":{"line":78,"column":17},"end":{"line":78,"column":28}},"23":{"start":{"line":79,"column":4},"end":{"line":79,"column":null}},"24":{"start":{"line":80,"column":4},"end":{"line":80,"column":null}},"25":{"start":{"line":84,"column":0},"end":{"line":84,"column":null}}},"fnMap":{"0":{"name":"(anonymous_1)","decl":{"start":{"line":34,"column":2},"end":{"line":34,"column":6}},"loc":{"start":{"line":34,"column":9},"end":{"line":36,"column":3}}},"1":{"name":"(anonymous_2)","decl":{"start":{"line":37,"column":2},"end":{"line":37,"column":6}},"loc":{"start":{"line":37,"column":9},"end":{"line":39,"column":3}}},"2":{"name":"(anonymous_3)","decl":{"start":{"line":40,"column":2},"end":{"line":40,"column":6}},"loc":{"start":{"line":40,"column":9},"end":{"line":42,"column":3}}},"3":{"name":"(anonymous_4)","decl":{"start":{"line":43,"column":2},"end":{"line":43,"column":6}},"loc":{"start":{"line":43,"column":9},"end":{"line":45,"column":3}}},"4":{"name":"(anonymous_5)","decl":{"start":{"line":46,"column":2},"end":{"line":46,"column":6}},"loc":{"start":{"line":46,"column":13},"end":{"line":48,"column":3}}},"5":{"name":"(anonymous_6)","decl":{"start":{"line":49,"column":2},"end":{"line":49,"column":6}},"loc":{"start":{"line":49,"column":9},"end":{"line":51,"column":3}}},"6":{"name":"(anonymous_7)","decl":{"start":{"line":54,"column":9},"end":{"line":54,"column":10}},"loc":{"start":{"line":54,"column":39},"end":{"line":54,"column":96}}},"7":{"name":"(anonymous_8)","decl":{"start":{"line":55,"column":2},"end":{"line":55,"column":10}},"loc":{"start":{"line":55,"column":40},"end":{"line":57,"column":3}}},"8":{"name":"(anonymous_9)","decl":{"start":{"line":58,"column":7},"end":{"line":58,"column":8}},"loc":{"start":{"line":58,"column":51},"end":{"line":60,"column":3}}},"9":{"name":"(anonymous_10)","decl":{"start":{"line":61,"column":2},"end":{"line":61,"column":6}},"loc":{"start":{"line":61,"column":35},"end":{"line":66,"column":3}}},"10":{"name":"(anonymous_11)","decl":{"start":{"line":67,"column":2},"end":{"line":67,"column":7}},"loc":{"start":{"line":67,"column":43},"end":{"line":72,"column":3}}},"11":{"name":"(anonymous_12)","decl":{"start":{"line":73,"column":9},"end":{"line":73,"column":10}},"loc":{"start":{"line":73,"column":54},"end":{"line":81,"column":3}}}},"branchMap":{"0":{"loc":{"start":{"line":59,"column":26},"end":{"line":59,"column":67}},"type":"cond-expr","locations":[{"start":{"line":59,"column":46},"end":{"line":59,"column":61}},{"start":{"line":59,"column":63},"end":{"line":59,"column":67}}]},"1":{"loc":{"start":{"line":62,"column":4},"end":{"line":64,"column":null}},"type":"if","locations":[{"start":{"line":62,"column":4},"end":{"line":64,"column":null}}]},"2":{"loc":{"start":{"line":68,"column":4},"end":{"line":70,"column":null}},"type":"if","locations":[{"start":{"line":68,"column":4},"end":{"line":70,"column":null}}]},"3":{"loc":{"start":{"line":75,"column":4},"end":{"line":77,"column":null}},"type":"if","locations":[{"start":{"line":75,"column":4},"end":{"line":77,"column":null}}]},"4":{"loc":{"start":{"line":76,"column":27},"end":{"line":76,"column":68}},"type":"cond-expr","locations":[{"start":{"line":76,"column":47},"end":{"line":76,"column":62}},{"start":{"line":76,"column":64},"end":{"line":76,"column":68}}]}},"s":{"0":1,"1":1,"2":1,"3":1,"4":21,"5":10,"6":10,"7":10,"8":5,"9":81,"10":120,"11":2,"12":2,"13":2,"14":2,"15":2,"16":2,"17":0,"18":2,"19":8,"20":8,"21":0,"22":8,"23":8,"24":8,"25":1},"f":{"0":21,"1":10,"2":10,"3":10,"4":5,"5":81,"6":120,"7":2,"8":2,"9":2,"10":2,"11":8},"b":{"0":[2,0],"1":[2],"2":[0],"3":[0],"4":[0,0]}}
}
