TN:
SF:src\chain.ts
FN:84,(anonymous_1)
FN:95,(anonymous_3)
FN:108,(anonymous_4)
FN:113,(anonymous_5)
FN:119,(anonymous_6)
FN:126,(anonymous_7)
FN:140,(anonymous_8)
FN:166,(anonymous_9)
FN:176,(anonymous_10)
FN:180,(anonymous_11)
FN:187,(anonymous_12)
FNF:11
FNH:10
FNDA:146,(anonymous_1)
FNDA:6,(anonymous_3)
FNDA:2,(anonymous_4)
FNDA:0,(anonymous_5)
FNDA:8,(anonymous_6)
FNDA:8,(anonymous_7)
FNDA:2,(anonymous_8)
FNDA:2,(anonymous_9)
FNDA:47,(anonymous_10)
FNDA:84,(anonymous_11)
FNDA:110,(anonymous_12)
DA:1,1
DA:2,1
DA:33,1
DA:84,1
DA:85,145
DA:86,145
DA:87,145
DA:88,145
DA:89,145
DA:91,145
DA:92,145
DA:93,145
DA:95,1
DA:96,6
DA:108,4
DA:109,2
DA:110,2
DA:113,1
DA:114,0
DA:115,0
DA:116,0
DA:119,1
DA:120,8
DA:121,8
DA:122,8
DA:123,8
DA:126,1
DA:127,8
DA:128,6
DA:129,2
DA:130,0
DA:131,0
DA:140,1
DA:141,2
DA:142,2
DA:144,2
DA:145,0
DA:146,0
DA:147,2
DA:148,0
DA:149,0
DA:150,0
DA:152,0
DA:153,0
DA:156,2
DA:166,1
DA:167,2
DA:168,2
DA:169,2
DA:170,2
DA:172,2
DA:174,1
DA:176,1
DA:177,47
DA:178,47
DA:179,33
DA:181,84
DA:182,84
DA:186,14
DA:187,336
DA:188,110
DA:189,110
DA:195,1
DA:197,1
LF:64
LH:52
BRDA:109,0,0,2
BRDA:114,1,0,0
BRDA:120,2,0,8
BRDA:127,3,0,6
BRDA:127,3,1,2
BRDA:129,4,0,0
BRDA:130,5,0,0
BRDA:144,6,0,2
BRDA:144,6,1,0
BRDA:145,7,0,0
BRDA:145,7,1,0
BRDA:145,8,0,0
BRDA:145,8,1,0
BRDA:146,9,0,0
BRDA:146,10,0,0
BRDA:146,10,1,0
BRDA:147,11,0,0
BRDA:148,12,0,0
BRDA:148,12,1,0
BRDA:149,13,0,0
BRDA:149,13,1,0
BRDA:152,14,0,0
BRDA:152,14,1,0
BRDA:167,15,0,2
BRDA:168,16,0,0
BRDA:168,16,1,2
BRDA:168,17,0,2
BRDA:168,17,1,0
BRDA:169,18,0,2
BRDA:178,19,0,33
BRDA:178,19,1,14
BRF:31
BRH:11
end_of_record
TN:
SF:src\messages.ts
FNF:0
FNH:0
DA:1,1
DA:2,1
LF:2
LH:2
BRF:0
BRH:0
end_of_record
TN:
SF:src\methods.ts
FN:3,(anonymous_6)
FN:6,(anonymous_7)
FN:9,checkInclude
FN:23,has
FN:27,eq
FN:41,(anonymous_11)
FN:42,(anonymous_12)
FN:43,(anonymous_13)
FN:44,(anonymous_14)
FN:45,(anonymous_15)
FN:46,(anonymous_16)
FN:51,(anonymous_17)
FN:52,(anonymous_18)
FN:53,(anonymous_19)
FN:54,(anonymous_20)
FN:55,(anonymous_21)
FN:56,(anonymous_22)
FN:58,(anonymous_23)
FN:60,(anonymous_24)
FN:62,(anonymous_25)
FN:64,(anonymous_26)
FN:67,(anonymous_27)
FN:68,(anonymous_28)
FN:72,(anonymous_29)
FN:73,(anonymous_30)
FNF:25
FNH:22
FNDA:149,(anonymous_6)
FNDA:32,(anonymous_7)
FNDA:6,checkInclude
FNDA:6,has
FNDA:24,eq
FNDA:9,(anonymous_11)
FNDA:214,(anonymous_12)
FNDA:180,(anonymous_13)
FNDA:20,(anonymous_14)
FNDA:10,(anonymous_15)
FNDA:132,(anonymous_16)
FNDA:12,(anonymous_17)
FNDA:20,(anonymous_18)
FNDA:0,(anonymous_19)
FNDA:15,(anonymous_20)
FNDA:0,(anonymous_21)
FNDA:9,(anonymous_22)
FNDA:18,(anonymous_23)
FNDA:5,(anonymous_24)
FNDA:3,(anonymous_25)
FNDA:4,(anonymous_26)
FNDA:0,(anonymous_27)
FNDA:6,(anonymous_28)
FNDA:26,(anonymous_29)
FNDA:72,(anonymous_30)
DA:1,1
DA:3,1
DA:4,149
DA:6,1
DA:7,32
DA:10,6
DA:12,2
DA:13,4
DA:14,2
DA:15,2
DA:17,0
DA:24,6
DA:28,24
DA:29,8
DA:32,16
DA:33,16
DA:35,0
DA:38,1
DA:41,9
DA:42,214
DA:43,180
DA:44,20
DA:45,10
DA:46,132
DA:51,12
DA:52,20
DA:53,0
DA:54,15
DA:55,0
DA:57,9
DA:59,18
DA:61,5
DA:62,3
DA:64,4
DA:67,0
DA:69,6
DA:72,1
DA:73,26
DA:74,72
DA:75,72
DA:79,1
LF:41
LH:36
BRDA:7,0,0,7
BRDA:7,0,1,25
BRDA:10,1,0,2
BRDA:10,1,1,4
BRDA:10,2,0,6
BRDA:10,2,1,5
BRDA:10,2,2,2
BRDA:10,2,3,1
BRDA:13,3,0,2
BRDA:13,3,1,2
BRDA:14,4,0,2
BRDA:14,5,0,2
BRDA:14,5,1,2
BRDA:28,6,0,8
BRDA:28,7,0,24
BRDA:28,7,1,16
BRDA:32,8,0,16
BRDA:32,9,0,16
BRDA:32,9,1,12
BRDA:32,9,2,6
BRDA:32,9,3,4
BRDA:32,9,4,4
BRDA:32,9,5,0
BRDA:46,10,0,130
BRDA:46,10,1,2
BRDA:47,11,0,25
BRDA:47,11,1,105
BRDA:47,12,0,18
BRDA:47,12,1,87
BRDA:69,13,0,6
BRDA:69,13,1,3
BRDA:74,14,0,7
BRF:32
BRH:31
end_of_record
TN:
SF:src\rules.ts
FN:5,(anonymous_0)
FN:8,(anonymous_1)
FNF:2
FNH:2
FNDA:4,(anonymous_0)
FNDA:2,(anonymous_1)
DA:5,1
DA:6,4
DA:8,3
DA:9,2
DA:11,2
DA:12,2
DA:13,2
DA:19,1
LF:8
LH:8
BRDA:8,0,0,1
BRDA:11,1,0,1
BRF:2
BRH:2
end_of_record
TN:
SF:src\utils.ts
FN:25,getMsgTemplate
FN:42,msgTemplateToMsg
FN:48,(anonymous_4)
FN:59,(anonymous_5)
FN:68,checkResult
FN:69,(anonymous_7)
FN:76,checkResult2
FN:78,(anonymous_9)
FN:99,(anonymous_10)
FN:100,(anonymous_11)
FN:109,(anonymous_12)
FN:121,resultToBoolean
FN:158,collectChains
FN:168,(anonymous_15)
FN:174,(anonymous_16)
FN:189,findValue
FN:192,(anonymous_18)
FN:206,check
FN:223,(anonymous_20)
FN:240,(anonymous_21)
FN:241,(anonymous_22)
FN:242,(anonymous_23)
FN:246,(anonymous_24)
FN:263,checkchain
FN:315,(anonymous_26)
FN:316,(anonymous_27)
FN:317,(anonymous_28)
FN:325,(anonymous_29)
FNF:28
FNH:18
FNDA:87,getMsgTemplate
FNDA:87,msgTemplateToMsg
FNDA:0,(anonymous_4)
FNDA:101,(anonymous_5)
FNDA:128,checkResult
FNDA:131,(anonymous_7)
FNDA:2,checkResult2
FNDA:8,(anonymous_9)
FNDA:87,(anonymous_10)
FNDA:177,(anonymous_11)
FNDA:87,(anonymous_12)
FNDA:145,resultToBoolean
FNDA:30,collectChains
FNDA:0,(anonymous_15)
FNDA:25,(anonymous_16)
FNDA:22,findValue
FNDA:36,(anonymous_18)
FNDA:130,check
FNDA:20,(anonymous_20)
FNDA:0,(anonymous_21)
FNDA:0,(anonymous_22)
FNDA:0,(anonymous_23)
FNDA:0,(anonymous_24)
FNDA:145,checkchain
FNDA:0,(anonymous_26)
FNDA:0,(anonymous_27)
FNDA:0,(anonymous_28)
FNDA:0,(anonymous_29)
DA:1,1
DA:2,1
DA:3,1
DA:7,1
DA:25,1
DA:28,87
DA:29,85
DA:30,0
DA:31,87
DA:42,1
DA:43,87
DA:45,87
DA:47,87
DA:48,87
DA:49,0
DA:50,0
DA:51,0
DA:52,0
DA:55,0
DA:58,87
DA:59,101
DA:61,87
DA:68,1
DA:69,131
DA:76,1
DA:77,2
DA:78,8
DA:79,2
DA:82,1
DA:86,1
DA:91,2
DA:99,1
DA:100,177
DA:109,1
DA:110,87
DA:111,87
DA:112,87
DA:121,1
DA:122,145
DA:123,145
DA:124,145
DA:125,145
DA:126,145
DA:127,145
DA:129,145
DA:130,82
DA:132,82
DA:133,82
DA:134,6
DA:136,82
DA:137,2
DA:140,80
DA:142,63
DA:143,2
DA:144,2
DA:146,2
DA:148,63
DA:158,1
DA:159,30
DA:160,30
DA:161,0
DA:163,30
DA:164,20
DA:165,20
DA:167,10
DA:168,0
DA:169,0
DA:170,0
DA:171,0
DA:174,10
DA:175,25
DA:176,25
DA:177,25
DA:180,10
DA:189,1
DA:190,22
DA:191,22
DA:192,36
DA:194,0
DA:206,1
DA:208,130
DA:209,130
DA:210,130
DA:212,125
DA:213,125
DA:214,0
DA:216,125
DA:218,5
DA:219,5
DA:221,5
DA:223,5
DA:224,20
DA:225,20
DA:226,20
DA:227,20
DA:229,20
DA:231,20
DA:232,0
DA:234,20
DA:237,0
DA:239,130
DA:240,0
DA:241,0
DA:242,0
DA:243,0
DA:245,0
DA:247,0
DA:251,130
DA:254,2
DA:255,128
DA:265,145
DA:266,145
DA:267,145
DA:268,145
DA:269,145
DA:270,145
DA:271,145
DA:272,145
DA:278,145
DA:279,194
DA:281,194
DA:282,84
DA:283,34
DA:284,34
DA:285,34
DA:286,50
DA:288,110
DA:289,110
DA:290,53
DA:291,53
DA:292,53
DA:293,57
DA:296,145
DA:297,2
DA:298,2
DA:299,2
DA:300,2
DA:302,2
DA:303,2
DA:304,2
DA:305,1
DA:306,1
DA:307,1
DA:308,1
DA:309,0
DA:310,0
DA:314,145
DA:315,0
DA:316,0
DA:317,0
DA:318,0
DA:319,0
DA:320,0
DA:321,0
DA:322,0
DA:324,0
DA:326,0
DA:330,145
LF:158
LH:125
BRDA:28,0,0,2
BRDA:28,0,1,85
BRDA:28,1,0,87
BRDA:28,1,1,2
BRDA:29,2,0,85
BRDA:29,2,1,0
BRDA:43,3,0,87
BRDA:43,3,1,85
BRDA:45,4,0,87
BRDA:45,4,1,87
BRDA:48,5,0,0
BRDA:48,6,0,87
BRDA:48,6,1,49
BRDA:49,7,0,0
BRDA:49,7,1,0
BRDA:50,8,0,0
BRDA:50,8,1,0
BRDA:52,9,0,0
BRDA:52,9,1,0
BRDA:55,10,0,0
BRDA:55,10,1,0
BRDA:58,11,0,49
BRDA:58,12,0,87
BRDA:58,12,1,87
BRDA:58,12,2,87
BRDA:69,13,0,128
BRDA:69,13,1,0
BRDA:77,14,0,2
BRDA:79,15,0,1
BRDA:79,15,1,1
BRDA:100,16,0,92
BRDA:100,16,1,85
BRDA:100,17,0,177
BRDA:100,17,1,138
BRDA:122,18,0,0
BRDA:129,19,0,82
BRDA:129,19,1,63
BRDA:130,20,0,82
BRDA:130,20,1,0
BRDA:130,21,0,5
BRDA:130,21,1,77
BRDA:130,22,0,77
BRDA:130,22,1,5
BRDA:130,23,0,82
BRDA:130,23,1,82
BRDA:132,24,0,0
BRDA:132,25,0,82
BRDA:132,25,1,82
BRDA:133,26,0,6
BRDA:133,27,0,82
BRDA:133,27,1,77
BRDA:133,27,2,77
BRDA:136,28,0,2
BRDA:142,29,0,2
BRDA:142,30,0,63
BRDA:142,30,1,63
BRDA:144,31,0,0
BRDA:144,32,0,2
BRDA:144,32,1,0
BRDA:160,33,0,0
BRDA:160,34,0,30
BRDA:160,34,1,0
BRDA:163,35,0,20
BRDA:167,36,0,0
BRDA:167,36,1,10
BRDA:171,37,0,0
BRDA:171,37,1,0
BRDA:177,38,0,25
BRDA:177,38,1,25
BRDA:190,39,0,0
BRDA:190,40,0,22
BRDA:190,40,1,22
BRDA:208,41,0,0
BRDA:208,42,0,130
BRDA:208,42,1,87
BRDA:210,43,0,125
BRDA:210,43,1,5
BRDA:213,44,0,0
BRDA:213,44,1,125
BRDA:218,45,0,5
BRDA:218,45,1,0
BRDA:218,46,0,5
BRDA:218,46,1,5
BRDA:227,47,0,8
BRDA:227,47,1,12
BRDA:231,48,0,0
BRDA:231,48,1,20
BRDA:239,49,0,0
BRDA:239,49,1,130
BRDA:251,50,0,2
BRDA:251,50,1,128
BRDA:265,51,0,51
BRDA:266,52,0,0
BRDA:266,53,0,145
BRDA:266,53,1,132
BRDA:266,53,2,2
BRDA:281,54,0,84
BRDA:281,54,1,110
BRDA:282,55,0,34
BRDA:282,55,1,50
BRDA:285,56,0,0
BRDA:288,57,0,110
BRDA:289,58,0,53
BRDA:289,58,1,57
BRDA:292,59,0,0
BRDA:300,60,0,2
BRDA:300,60,1,0
BRDA:302,61,0,2
BRDA:302,61,1,0
BRDA:303,62,0,2
BRDA:303,62,1,2
BRDA:304,63,0,1
BRDA:304,63,1,1
BRDA:307,64,0,0
BRDA:309,65,0,0
BRDA:314,66,0,0
BRDA:314,66,1,145
BRDA:318,67,0,0
BRDA:318,67,1,0
BRDA:319,68,0,0
BRDA:319,68,1,0
BRF:121
BRH:82
end_of_record
TN:
SF:src\validator.ts
FN:34,(anonymous_1)
FN:37,(anonymous_2)
FN:40,(anonymous_3)
FN:43,(anonymous_4)
FN:46,(anonymous_5)
FN:49,(anonymous_6)
FN:54,(anonymous_7)
FN:55,(anonymous_8)
FN:58,(anonymous_9)
FN:61,(anonymous_10)
FN:67,(anonymous_11)
FN:73,(anonymous_12)
FNF:12
FNH:12
FNDA:21,(anonymous_1)
FNDA:10,(anonymous_2)
FNDA:10,(anonymous_3)
FNDA:10,(anonymous_4)
FNDA:5,(anonymous_5)
FNDA:81,(anonymous_6)
FNDA:120,(anonymous_7)
FNDA:2,(anonymous_8)
FNDA:2,(anonymous_9)
FNDA:2,(anonymous_10)
FNDA:2,(anonymous_11)
FNDA:8,(anonymous_12)
DA:1,1
DA:2,1
DA:3,1
DA:33,1
DA:35,21
DA:38,10
DA:41,10
DA:44,10
DA:47,5
DA:50,81
DA:54,120
DA:56,2
DA:59,2
DA:62,2
DA:63,2
DA:65,2
DA:68,2
DA:69,0
DA:71,2
DA:74,8
DA:75,8
DA:76,0
DA:78,8
DA:79,8
DA:80,8
DA:84,1
LF:26
LH:24
BRDA:59,0,0,2
BRDA:59,0,1,0
BRDA:62,1,0,2
BRDA:68,2,0,0
BRDA:75,3,0,0
BRDA:76,4,0,0
BRDA:76,4,1,0
BRF:7
BRH:2
end_of_record
